2022-02-17 12:47:12.917 | INFO     | __main__:<module>:14 - [INIT] Начало инициализации кролика и парсера
2022-02-17 12:47:12.917 | INFO     | __main__:<module>:14 - [INIT] Начало инициализации кролика и парсера
2022-02-17 12:47:21.367 | INFO     | penalty_parser:__init__:112 - [INIT] END self.parses_uuid=UUID('f4a0706d-e7ec-4d51-9468-60487de48a60')
2022-02-17 12:47:21.368 | INFO     | __main__:<module>:82 - [Server] Awaiting RPC requests
2022-02-17 12:47:21.643 | INFO     | penalty_parser:__init__:112 - [INIT] END self.parses_uuid=UUID('dff87099-f696-41c2-bb2e-3bd1e233db59')
2022-02-17 12:47:21.644 | INFO     | __main__:<module>:82 - [Server] Awaiting RPC requests
2022-02-17 12:48:45.895 | INFO     | __main__:on_request:56 -  [OR] body({"gov_number": "\u043d515\u043d\u043d159", "sts": "9937184529", "uuid": "f704b40e-cdf1-4bde-9f7b-f612181277dc"})
Traceback (most recent call last):
  File "/home/kolchanovaa/Рабочий стол/parsers/parsers_gibdd_rabbitMQ/fines_worker.py", line 83, in <module>
    channel.start_consuming()
  File "/home/kolchanovaa/Рабочий стол/parsers/parsers_gibdd_rabbitMQ/venv/lib/python3.8/site-packages/pika/adapters/blocking_connection.py", line 1865, in start_consuming
    self._process_data_events(time_limit=None)
  File "/home/kolchanovaa/Рабочий стол/parsers/parsers_gibdd_rabbitMQ/venv/lib/python3.8/site-packages/pika/adapters/blocking_connection.py", line 2026, in _process_data_events
    self.connection.process_data_events(time_limit=time_limit)
  File "/home/kolchanovaa/Рабочий стол/parsers/parsers_gibdd_rabbitMQ/venv/lib/python3.8/site-packages/pika/adapters/blocking_connection.py", line 833, in process_data_events
    self._dispatch_channel_events()
  File "/home/kolchanovaa/Рабочий стол/parsers/parsers_gibdd_rabbitMQ/venv/lib/python3.8/site-packages/pika/adapters/blocking_connection.py", line 567, in _dispatch_channel_events
    impl_channel._get_cookie()._dispatch_events()
  File "/home/kolchanovaa/Рабочий стол/parsers/parsers_gibdd_rabbitMQ/venv/lib/python3.8/site-packages/pika/adapters/blocking_connection.py", line 1492, in _dispatch_events
    consumer_info.on_message_callback(self, evt.method,
  File "/home/kolchanovaa/Рабочий стол/parsers/parsers_gibdd_rabbitMQ/fines_worker.py", line 59, in on_request
    data = data['str']
KeyError: 'str'
2022-02-17 12:48:45.900 | INFO     | __main__:on_request:56 -  [OR] body({"gov_number": "\u0421931\u0420\u0412123", "sts": "2335884520", "uuid": "47500521-2f2a-4088-ba59-b2c926ccec8a"})
Traceback (most recent call last):
  File "/home/kolchanovaa/Рабочий стол/parsers/parsers_gibdd_rabbitMQ/fines_worker.py", line 83, in <module>
    channel.start_consuming()
  File "/home/kolchanovaa/Рабочий стол/parsers/parsers_gibdd_rabbitMQ/venv/lib/python3.8/site-packages/pika/adapters/blocking_connection.py", line 1865, in start_consuming
    self._process_data_events(time_limit=None)
  File "/home/kolchanovaa/Рабочий стол/parsers/parsers_gibdd_rabbitMQ/venv/lib/python3.8/site-packages/pika/adapters/blocking_connection.py", line 2026, in _process_data_events
    self.connection.process_data_events(time_limit=time_limit)
  File "/home/kolchanovaa/Рабочий стол/parsers/parsers_gibdd_rabbitMQ/venv/lib/python3.8/site-packages/pika/adapters/blocking_connection.py", line 833, in process_data_events
    self._dispatch_channel_events()
  File "/home/kolchanovaa/Рабочий стол/parsers/parsers_gibdd_rabbitMQ/venv/lib/python3.8/site-packages/pika/adapters/blocking_connection.py", line 567, in _dispatch_channel_events
    impl_channel._get_cookie()._dispatch_events()
  File "/home/kolchanovaa/Рабочий стол/parsers/parsers_gibdd_rabbitMQ/venv/lib/python3.8/site-packages/pika/adapters/blocking_connection.py", line 1492, in _dispatch_events
    consumer_info.on_message_callback(self, evt.method,
  File "/home/kolchanovaa/Рабочий стол/parsers/parsers_gibdd_rabbitMQ/fines_worker.py", line 59, in on_request
    data = data['str']
KeyError: 'str'
2022-02-17 12:55:41.615 | INFO     | __main__:<module>:14 - [INIT] Начало инициализации кролика и парсера
Exception ignored in: <function BotParserPenalty.__del__ at 0x7fad6fe491f0>
Traceback (most recent call last):
  File "/home/kolchanovaa/Рабочий стол/parsers/parsers_gibdd_rabbitMQ/penalty_parser.py", line 263, in __del__
    self.driver.quit()
AttributeError: 'BotParserPenalty' object has no attribute 'driver'
Traceback (most recent call last):
  File "/home/kolchanovaa/Рабочий стол/parsers/parsers_gibdd_rabbitMQ/fines_worker.py", line 23, in <module>
    parser_penalty = BotParserPenalty()
TypeError: __init__() missing 1 required positional argument: 'WORKER_UUID'
2022-02-17 12:55:41.623 | INFO     | __main__:<module>:14 - [INIT] Начало инициализации кролика и парсера
Exception ignored in: <function BotParserPenalty.__del__ at 0x7fabbf0051f0>
Traceback (most recent call last):
  File "/home/kolchanovaa/Рабочий стол/parsers/parsers_gibdd_rabbitMQ/penalty_parser.py", line 263, in __del__
    self.driver.quit()
AttributeError: 'BotParserPenalty' object has no attribute 'driver'
Traceback (most recent call last):
  File "/home/kolchanovaa/Рабочий стол/parsers/parsers_gibdd_rabbitMQ/fines_worker.py", line 23, in <module>
    parser_penalty = BotParserPenalty()
TypeError: __init__() missing 1 required positional argument: 'WORKER_UUID'
2022-02-17 12:55:42.766 | INFO     | __main__:<module>:14 - [INIT] Начало инициализации кролика и парсера
2022-02-17 12:55:42.766 | INFO     | __main__:<module>:14 - [INIT] Начало инициализации кролика и парсера
Exception ignored in: <function BotParserPenalty.__del__ at 0x7fd3bab0c280>
Traceback (most recent call last):
  File "/home/kolchanovaa/Рабочий стол/parsers/parsers_gibdd_rabbitMQ/penalty_parser.py", line 263, in __del__
    self.driver.quit()
AttributeError: 'BotParserPenalty' object has no attribute 'driver'
Traceback (most recent call last):
  File "/home/kolchanovaa/Рабочий стол/parsers/parsers_gibdd_rabbitMQ/fines_worker.py", line 23, in <module>
    parser_penalty = BotParserPenalty()
TypeError: __init__() missing 1 required positional argument: 'WORKER_UUID'
Exception ignored in: <function BotParserPenalty.__del__ at 0x7f2b87391280>
Traceback (most recent call last):
  File "/home/kolchanovaa/Рабочий стол/parsers/parsers_gibdd_rabbitMQ/penalty_parser.py", line 263, in __del__
    self.driver.quit()
AttributeError: 'BotParserPenalty' object has no attribute 'driver'
Traceback (most recent call last):
  File "/home/kolchanovaa/Рабочий стол/parsers/parsers_gibdd_rabbitMQ/fines_worker.py", line 23, in <module>
    parser_penalty = BotParserPenalty()
TypeError: __init__() missing 1 required positional argument: 'WORKER_UUID'
2022-02-17 12:55:44.911 | INFO     | __main__:<module>:14 - [INIT] Начало инициализации кролика и парсера
2022-02-17 12:55:44.911 | INFO     | __main__:<module>:14 - [INIT] Начало инициализации кролика и парсера
Exception ignored in: <function BotParserPenalty.__del__ at 0x7fc8cefd1280>
Traceback (most recent call last):
  File "/home/kolchanovaa/Рабочий стол/parsers/parsers_gibdd_rabbitMQ/penalty_parser.py", line 263, in __del__
    self.driver.quit()
AttributeError: 'BotParserPenalty' object has no attribute 'driver'
Exception ignored in: <function BotParserPenalty.__del__ at 0x7f7fe7b96280>
Traceback (most recent call last):
  File "/home/kolchanovaa/Рабочий стол/parsers/parsers_gibdd_rabbitMQ/penalty_parser.py", line 263, in __del__
    self.driver.quit()
AttributeError: 'BotParserPenalty' object has no attribute 'driver'
Traceback (most recent call last):
  File "/home/kolchanovaa/Рабочий стол/parsers/parsers_gibdd_rabbitMQ/fines_worker.py", line 23, in <module>
    parser_penalty = BotParserPenalty()
TypeError: __init__() missing 1 required positional argument: 'WORKER_UUID'
Traceback (most recent call last):
  File "/home/kolchanovaa/Рабочий стол/parsers/parsers_gibdd_rabbitMQ/fines_worker.py", line 23, in <module>
    parser_penalty = BotParserPenalty()
TypeError: __init__() missing 1 required positional argument: 'WORKER_UUID'
2022-02-17 12:57:29.982 | INFO     | __main__:<module>:14 - [INIT] Начало инициализации кролика и парсера WORKER_UUID=UUID('08ad607f-4a3c-46cf-b151-8732a8e615d8')
2022-02-17 12:57:29.982 | INFO     | __main__:<module>:14 - [INIT] Начало инициализации кролика и парсера WORKER_UUID=UUID('e5c89174-cb83-4947-849a-4ff7707801f9')
2022-02-17 12:57:38.656 | INFO     | penalty_parser:__init__:125 - [INIT] END self.parses_uuid=UUID('e5c89174-cb83-4947-849a-4ff7707801f9')
2022-02-17 12:57:38.658 | INFO     | __main__:<module>:82 - [Server] Awaiting RPC requests WORKER_UUID=UUID('e5c89174-cb83-4947-849a-4ff7707801f9')
2022-02-17 12:57:38.658 | INFO     | __main__:on_request:56 -  [OR] body({"gov_number": "\u043d515\u043d\u043d159", "sts": "9937184529", "uuid": "f704b40e-cdf1-4bde-9f7b-f612181277dc"}) WORKER_UUID=UUID('e5c89174-cb83-4947-849a-4ff7707801f9')
2022-02-17 12:57:38.659 | INFO     | __main__:on_request:64 -  [OR] data({'gov_number': 'н515нн159', 'sts': '9937184529', 'uuid': 'f704b40e-cdf1-4bde-9f7b-f612181277dc'}) WORKER_UUID=UUID('e5c89174-cb83-4947-849a-4ff7707801f9')
2022-02-17 12:57:38.659 | INFO     | __main__:parse:29 - [INIT] Запрос gov_number='н515нн159' sts='9937184529' WORKER_UUID=UUID('e5c89174-cb83-4947-849a-4ff7707801f9')
2022-02-17 12:57:38.659 | INFO     | penalty_parser:parse_data:239 - [INIT] GOV_NUM: н515нн159, STS: 9937184529 self.parses_uuid=UUID('e5c89174-cb83-4947-849a-4ff7707801f9')
2022-02-17 12:57:38.659 | INFO     | penalty_parser:__input_values_and_click_button:186 - [IC] Ввод полей
2022-02-17 12:57:38.659 | INFO     | penalty_parser:__input_values_and_click_button:189 - [IC] Поле гос. номера self.parses_uuid=UUID('e5c89174-cb83-4947-849a-4ff7707801f9')
2022-02-17 12:57:38.684 | INFO     | penalty_parser:__input_values_and_click_button:206 - [IC] Поле региона self.parses_uuid=UUID('e5c89174-cb83-4947-849a-4ff7707801f9')
2022-02-17 12:57:38.695 | INFO     | penalty_parser:__input_values_and_click_button:215 - [IC] Поле свидетельства о регистрации self.parses_uuid=UUID('e5c89174-cb83-4947-849a-4ff7707801f9')
2022-02-17 12:57:38.710 | INFO     | penalty_parser:__input_values_and_click_button:222 - [IC] Нажатие на кнопку поиска self.parses_uuid=UUID('e5c89174-cb83-4947-849a-4ff7707801f9')
2022-02-17 12:57:38.732 | INFO     | penalty_parser:__input_values_and_click_button:230 - [IC] Найдена кнопка поиска <selenium.webdriver.firefox.webelement.FirefoxWebElement (session="9ef763e7-a3d0-484c-8f06-712a5dd49a60", element="23ce05c3-ef4d-43ca-b134-caa4634e16eb")>
2022-02-17 12:57:39.026 | INFO     | penalty_parser:__parse_result:132 - [PR] Начало парсинга результата
2022-02-17 12:57:41.587 | INFO     | penalty_parser:__init__:125 - [INIT] END self.parses_uuid=UUID('08ad607f-4a3c-46cf-b151-8732a8e615d8')
2022-02-17 12:57:41.589 | INFO     | __main__:<module>:82 - [Server] Awaiting RPC requests WORKER_UUID=UUID('08ad607f-4a3c-46cf-b151-8732a8e615d8')
2022-02-17 12:57:43.100 | INFO     | penalty_parser:__parse_result:175 - [PR] Таймаут парсинга результата
2022-02-17 12:57:43.101 | ERROR    | __main__:parse:46 - [ERROR] timeout
2022-02-17 12:57:43.102 | INFO     | __main__:on_request:74 -  [Server] response({'result': 'Fail', 'data': {'error': 'timeout'}, 'uuid': 'f704b40e-cdf1-4bde-9f7b-f612181277dc', 'responded_time': '2022-02-17 12:57:43.101570'}) WORKER_UUID=UUID('e5c89174-cb83-4947-849a-4ff7707801f9')
2022-02-17 12:57:43.673 | INFO     | __main__:on_request:76 -  [Server] cleaned page! WORKER_UUID=UUID('e5c89174-cb83-4947-849a-4ff7707801f9')
2022-02-17 12:57:43.673 | INFO     | __main__:on_request:56 -  [OR] body({"gov_number": "\u0421931\u0420\u0412123", "sts": "2335884520", "uuid": "47500521-2f2a-4088-ba59-b2c926ccec8a"}) WORKER_UUID=UUID('e5c89174-cb83-4947-849a-4ff7707801f9')
2022-02-17 12:57:43.673 | INFO     | __main__:on_request:64 -  [OR] data({'gov_number': 'С931РВ123', 'sts': '2335884520', 'uuid': '47500521-2f2a-4088-ba59-b2c926ccec8a'}) WORKER_UUID=UUID('e5c89174-cb83-4947-849a-4ff7707801f9')
2022-02-17 12:57:43.673 | INFO     | __main__:parse:29 - [INIT] Запрос gov_number='С931РВ123' sts='2335884520' WORKER_UUID=UUID('e5c89174-cb83-4947-849a-4ff7707801f9')
2022-02-17 12:57:43.673 | INFO     | penalty_parser:parse_data:239 - [INIT] GOV_NUM: С931РВ123, STS: 2335884520 self.parses_uuid=UUID('e5c89174-cb83-4947-849a-4ff7707801f9')
2022-02-17 12:57:43.673 | INFO     | penalty_parser:__input_values_and_click_button:186 - [IC] Ввод полей
2022-02-17 12:57:43.673 | INFO     | penalty_parser:__input_values_and_click_button:189 - [IC] Поле гос. номера self.parses_uuid=UUID('e5c89174-cb83-4947-849a-4ff7707801f9')
2022-02-17 12:57:44.208 | INFO     | penalty_parser:__input_values_and_click_button:206 - [IC] Поле региона self.parses_uuid=UUID('e5c89174-cb83-4947-849a-4ff7707801f9')
2022-02-17 12:57:44.221 | INFO     | penalty_parser:__input_values_and_click_button:215 - [IC] Поле свидетельства о регистрации self.parses_uuid=UUID('e5c89174-cb83-4947-849a-4ff7707801f9')
2022-02-17 12:57:44.242 | INFO     | penalty_parser:__input_values_and_click_button:222 - [IC] Нажатие на кнопку поиска self.parses_uuid=UUID('e5c89174-cb83-4947-849a-4ff7707801f9')
2022-02-17 12:57:44.258 | INFO     | penalty_parser:__input_values_and_click_button:230 - [IC] Найдена кнопка поиска <selenium.webdriver.firefox.webelement.FirefoxWebElement (session="9ef763e7-a3d0-484c-8f06-712a5dd49a60", element="04dd18ba-3f09-419b-9190-10acc6572bac")>
2022-02-17 12:57:44.555 | INFO     | penalty_parser:__parse_result:132 - [PR] Начало парсинга результата
2022-02-17 12:57:48.620 | INFO     | penalty_parser:__parse_result:175 - [PR] Таймаут парсинга результата
2022-02-17 12:57:48.620 | ERROR    | __main__:parse:46 - [ERROR] timeout
2022-02-17 12:57:48.623 | INFO     | __main__:on_request:74 -  [Server] response({'result': 'Fail', 'data': {'error': 'timeout'}, 'uuid': '47500521-2f2a-4088-ba59-b2c926ccec8a', 'responded_time': '2022-02-17 12:57:48.621035'}) WORKER_UUID=UUID('e5c89174-cb83-4947-849a-4ff7707801f9')
2022-02-17 12:57:49.156 | INFO     | __main__:on_request:76 -  [Server] cleaned page! WORKER_UUID=UUID('e5c89174-cb83-4947-849a-4ff7707801f9')
2022-02-17 12:58:58.050 | INFO     | __main__:on_request:56 -  [OR] body({"gov_number": "\u043d515\u043d\u043d159", "sts": "9937184529", "uuid": "2621ae47-9da7-49a5-853c-4e888575f20e"}) WORKER_UUID=UUID('e5c89174-cb83-4947-849a-4ff7707801f9')
2022-02-17 12:58:58.050 | INFO     | __main__:on_request:56 -  [OR] body({"gov_number": "\u0421931\u0420\u0412123", "sts": "2335884520", "uuid": "b2eb5e96-4360-41ab-b935-03bdf86d4ae8"}) WORKER_UUID=UUID('08ad607f-4a3c-46cf-b151-8732a8e615d8')
2022-02-17 12:58:58.050 | INFO     | __main__:on_request:64 -  [OR] data({'gov_number': 'С931РВ123', 'sts': '2335884520', 'uuid': 'b2eb5e96-4360-41ab-b935-03bdf86d4ae8'}) WORKER_UUID=UUID('08ad607f-4a3c-46cf-b151-8732a8e615d8')
2022-02-17 12:58:58.050 | INFO     | __main__:on_request:64 -  [OR] data({'gov_number': 'н515нн159', 'sts': '9937184529', 'uuid': '2621ae47-9da7-49a5-853c-4e888575f20e'}) WORKER_UUID=UUID('e5c89174-cb83-4947-849a-4ff7707801f9')
2022-02-17 12:58:58.050 | INFO     | __main__:parse:29 - [INIT] Запрос gov_number='н515нн159' sts='9937184529' WORKER_UUID=UUID('e5c89174-cb83-4947-849a-4ff7707801f9')
2022-02-17 12:58:58.050 | INFO     | __main__:parse:29 - [INIT] Запрос gov_number='С931РВ123' sts='2335884520' WORKER_UUID=UUID('08ad607f-4a3c-46cf-b151-8732a8e615d8')
2022-02-17 12:58:58.050 | INFO     | penalty_parser:parse_data:239 - [INIT] GOV_NUM: н515нн159, STS: 9937184529 self.parses_uuid=UUID('e5c89174-cb83-4947-849a-4ff7707801f9')
2022-02-17 12:58:58.050 | INFO     | penalty_parser:__input_values_and_click_button:186 - [IC] Ввод полей
2022-02-17 12:58:58.050 | INFO     | penalty_parser:parse_data:239 - [INIT] GOV_NUM: С931РВ123, STS: 2335884520 self.parses_uuid=UUID('08ad607f-4a3c-46cf-b151-8732a8e615d8')
2022-02-17 12:58:58.050 | INFO     | penalty_parser:__input_values_and_click_button:189 - [IC] Поле гос. номера self.parses_uuid=UUID('e5c89174-cb83-4947-849a-4ff7707801f9')
2022-02-17 12:58:58.050 | INFO     | penalty_parser:__input_values_and_click_button:186 - [IC] Ввод полей
2022-02-17 12:58:58.051 | INFO     | penalty_parser:__input_values_and_click_button:189 - [IC] Поле гос. номера self.parses_uuid=UUID('08ad607f-4a3c-46cf-b151-8732a8e615d8')
2022-02-17 12:58:58.073 | INFO     | penalty_parser:__input_values_and_click_button:206 - [IC] Поле региона self.parses_uuid=UUID('e5c89174-cb83-4947-849a-4ff7707801f9')
2022-02-17 12:58:58.086 | INFO     | penalty_parser:__input_values_and_click_button:206 - [IC] Поле региона self.parses_uuid=UUID('08ad607f-4a3c-46cf-b151-8732a8e615d8')
2022-02-17 12:58:58.089 | INFO     | penalty_parser:__input_values_and_click_button:215 - [IC] Поле свидетельства о регистрации self.parses_uuid=UUID('e5c89174-cb83-4947-849a-4ff7707801f9')
2022-02-17 12:58:58.104 | INFO     | penalty_parser:__input_values_and_click_button:215 - [IC] Поле свидетельства о регистрации self.parses_uuid=UUID('08ad607f-4a3c-46cf-b151-8732a8e615d8')
2022-02-17 12:58:58.115 | INFO     | penalty_parser:__input_values_and_click_button:222 - [IC] Нажатие на кнопку поиска self.parses_uuid=UUID('e5c89174-cb83-4947-849a-4ff7707801f9')
2022-02-17 12:58:58.130 | INFO     | penalty_parser:__input_values_and_click_button:222 - [IC] Нажатие на кнопку поиска self.parses_uuid=UUID('08ad607f-4a3c-46cf-b151-8732a8e615d8')
2022-02-17 12:58:58.141 | INFO     | penalty_parser:__input_values_and_click_button:230 - [IC] Найдена кнопка поиска <selenium.webdriver.firefox.webelement.FirefoxWebElement (session="9ef763e7-a3d0-484c-8f06-712a5dd49a60", element="f82a78e2-7e6e-490b-a22e-43379bdb5686")>
2022-02-17 12:58:58.153 | INFO     | penalty_parser:__input_values_and_click_button:230 - [IC] Найдена кнопка поиска <selenium.webdriver.firefox.webelement.FirefoxWebElement (session="550f213d-53c6-4b16-85fd-bf4ae91cfb86", element="7bf553fe-9c55-4113-9326-7688613d0a3b")>
2022-02-17 12:58:58.416 | INFO     | penalty_parser:__parse_result:132 - [PR] Начало парсинга результата
2022-02-17 12:58:58.430 | INFO     | penalty_parser:__parse_result:132 - [PR] Начало парсинга результата
2022-02-17 12:59:00.449 | INFO     | penalty_parser:__parse_result:143 - [PR] Найдены штрафы
2022-02-17 12:59:00.478 | INFO     | penalty_parser:__parse_result:157 - [PR] Найдены данные Дата и время нарушения::26.08.2018 в 23:30
2022-02-17 12:59:00.507 | INFO     | penalty_parser:__parse_result:157 - [PR] Найдены данные Статья КоАП РФ::12.26 ч.1 - невыполнение водителем законного требования сотрудника полиции о прохождении медицинского освидетельствования на состояние опьянения
2022-02-17 12:59:00.550 | INFO     | penalty_parser:__parse_result:157 - [PR] Найдены данные Подразделение ГИБДД::ОГИБДД и ДПС ОМВД России по г. Анапе
2022-02-17 12:59:00.575 | INFO     | penalty_parser:__parse_result:157 - [PR] Найдены данные Постановление::18810423180170013454 от 18.09.2018
2022-02-17 12:59:00.598 | INFO     | penalty_parser:__parse_result:157 - [PR] Найдены данные Сумма штрафа::30000 руб.
2022-02-17 12:59:00.605 | INFO     | penalty_parser:__parse_result:162 - [PR] Конец парсинга
2022-02-17 12:59:00.605 | INFO     | penalty_parser:parse_data:247 - [PD] Конец парсинга. Возврат значения result=[[{'name': 'Дата и время нарушения:', 'value': '26.08.2018 в 23:30'}, {'name': 'Статья КоАП РФ:', 'value': '12.26 ч.1 - невыполнение водителем законного требования сотрудника полиции о прохождении медицинского освидетельствования на состояние опьянения'}, {'name': 'Подразделение ГИБДД:', 'value': 'ОГИБДД и ДПС ОМВД России по г. Анапе'}, {'name': 'Постановление:', 'value': '18810423180170013454 от 18.09.2018'}, {'name': 'Сумма штрафа:', 'value': '30000 руб.'}]]
2022-02-17 12:59:00.606 | INFO     | __main__:on_request:74 -  [Server] response({'result': 'Success', 'data': [[{'name': 'Дата и время нарушения:', 'value': '26.08.2018 в 23:30'}, {'name': 'Статья КоАП РФ:', 'value': '12.26 ч.1 - невыполнение водителем законного требования сотрудника полиции о прохождении медицинского освидетельствования на состояние опьянения'}, {'name': 'Подразделение ГИБДД:', 'value': 'ОГИБДД и ДПС ОМВД России по г. Анапе'}, {'name': 'Постановление:', 'value': '18810423180170013454 от 18.09.2018'}, {'name': 'Сумма штрафа:', 'value': '30000 руб.'}]], 'uuid': 'b2eb5e96-4360-41ab-b935-03bdf86d4ae8', 'responded_time': '2022-02-17 12:59:00.605881'}) WORKER_UUID=UUID('08ad607f-4a3c-46cf-b151-8732a8e615d8')
2022-02-17 12:59:01.582 | INFO     | __main__:on_request:76 -  [Server] cleaned page! WORKER_UUID=UUID('08ad607f-4a3c-46cf-b151-8732a8e615d8')
2022-02-17 12:59:02.460 | INFO     | penalty_parser:__parse_result:175 - [PR] Таймаут парсинга результата
2022-02-17 12:59:02.461 | ERROR    | __main__:parse:46 - [ERROR] timeout
2022-02-17 12:59:02.463 | INFO     | __main__:on_request:74 -  [Server] response({'result': 'Fail', 'data': {'error': 'timeout'}, 'uuid': '2621ae47-9da7-49a5-853c-4e888575f20e', 'responded_time': '2022-02-17 12:59:02.461840'}) WORKER_UUID=UUID('e5c89174-cb83-4947-849a-4ff7707801f9')
2022-02-17 12:59:03.280 | INFO     | __main__:on_request:76 -  [Server] cleaned page! WORKER_UUID=UUID('e5c89174-cb83-4947-849a-4ff7707801f9')
2022-02-17 13:01:37.795 | INFO     | __main__:on_request:56 -  [OR] body({"gov_number": "\u0421931\u0420\u0412123", "sts": "2335884520", "uuid": "8ecc2ffa-161a-41c5-8f28-c1f34b336642"}) WORKER_UUID=UUID('e5c89174-cb83-4947-849a-4ff7707801f9')
2022-02-17 13:01:37.795 | INFO     | __main__:on_request:64 -  [OR] data({'gov_number': 'С931РВ123', 'sts': '2335884520', 'uuid': '8ecc2ffa-161a-41c5-8f28-c1f34b336642'}) WORKER_UUID=UUID('e5c89174-cb83-4947-849a-4ff7707801f9')
2022-02-17 13:01:37.795 | INFO     | __main__:parse:29 - [INIT] Запрос gov_number='С931РВ123' sts='2335884520' WORKER_UUID=UUID('e5c89174-cb83-4947-849a-4ff7707801f9')
2022-02-17 13:01:37.795 | INFO     | penalty_parser:parse_data:239 - [INIT] GOV_NUM: С931РВ123, STS: 2335884520 self.parses_uuid=UUID('e5c89174-cb83-4947-849a-4ff7707801f9')
2022-02-17 13:01:37.796 | INFO     | penalty_parser:__input_values_and_click_button:186 - [IC] Ввод полей
2022-02-17 13:01:37.796 | INFO     | penalty_parser:__input_values_and_click_button:189 - [IC] Поле гос. номера self.parses_uuid=UUID('e5c89174-cb83-4947-849a-4ff7707801f9')
2022-02-17 13:01:37.814 | INFO     | penalty_parser:__input_values_and_click_button:206 - [IC] Поле региона self.parses_uuid=UUID('e5c89174-cb83-4947-849a-4ff7707801f9')
2022-02-17 13:01:37.828 | INFO     | penalty_parser:__input_values_and_click_button:215 - [IC] Поле свидетельства о регистрации self.parses_uuid=UUID('e5c89174-cb83-4947-849a-4ff7707801f9')
2022-02-17 13:01:37.847 | INFO     | penalty_parser:__input_values_and_click_button:222 - [IC] Нажатие на кнопку поиска self.parses_uuid=UUID('e5c89174-cb83-4947-849a-4ff7707801f9')
2022-02-17 13:01:37.863 | INFO     | penalty_parser:__input_values_and_click_button:230 - [IC] Найдена кнопка поиска <selenium.webdriver.firefox.webelement.FirefoxWebElement (session="9ef763e7-a3d0-484c-8f06-712a5dd49a60", element="94968998-5a0a-4b05-bf0a-c6c53b24db61")>
2022-02-17 13:01:38.168 | INFO     | penalty_parser:__parse_result:132 - [PR] Начало парсинга результата
2022-02-17 13:01:42.227 | INFO     | penalty_parser:__parse_result:175 - [PR] Таймаут парсинга результата
2022-02-17 13:01:42.228 | ERROR    | __main__:parse:46 - [ERROR] timeout
2022-02-17 13:01:42.229 | INFO     | __main__:on_request:74 -  [Server] response({'result': 'Fail', 'data': {'error': 'timeout'}, 'uuid': '8ecc2ffa-161a-41c5-8f28-c1f34b336642', 'responded_time': '2022-02-17 13:01:42.228446'}) WORKER_UUID=UUID('e5c89174-cb83-4947-849a-4ff7707801f9')
2022-02-17 13:01:42.748 | INFO     | __main__:on_request:76 -  [Server] cleaned page! WORKER_UUID=UUID('e5c89174-cb83-4947-849a-4ff7707801f9')
2022-02-17 13:02:56.508 | INFO     | __main__:on_request:56 -  [OR] body({"gov_number": "\u0421931\u0420\u0412123", "sts": "2335884520", "uuid": "7b3b68c0-66b5-4782-a25d-5035a8290230"}) WORKER_UUID=UUID('08ad607f-4a3c-46cf-b151-8732a8e615d8')
2022-02-17 13:02:56.508 | INFO     | __main__:on_request:64 -  [OR] data({'gov_number': 'С931РВ123', 'sts': '2335884520', 'uuid': '7b3b68c0-66b5-4782-a25d-5035a8290230'}) WORKER_UUID=UUID('08ad607f-4a3c-46cf-b151-8732a8e615d8')
2022-02-17 13:02:56.508 | INFO     | __main__:parse:29 - [INIT] Запрос gov_number='С931РВ123' sts='2335884520' WORKER_UUID=UUID('08ad607f-4a3c-46cf-b151-8732a8e615d8')
2022-02-17 13:02:56.508 | INFO     | penalty_parser:parse_data:239 - [INIT] GOV_NUM: С931РВ123, STS: 2335884520 self.parses_uuid=UUID('08ad607f-4a3c-46cf-b151-8732a8e615d8')
2022-02-17 13:02:56.508 | INFO     | penalty_parser:__input_values_and_click_button:186 - [IC] Ввод полей
2022-02-17 13:02:56.508 | INFO     | penalty_parser:__input_values_and_click_button:189 - [IC] Поле гос. номера self.parses_uuid=UUID('08ad607f-4a3c-46cf-b151-8732a8e615d8')
2022-02-17 13:02:56.523 | INFO     | penalty_parser:__input_values_and_click_button:206 - [IC] Поле региона self.parses_uuid=UUID('08ad607f-4a3c-46cf-b151-8732a8e615d8')
2022-02-17 13:02:56.535 | INFO     | penalty_parser:__input_values_and_click_button:215 - [IC] Поле свидетельства о регистрации self.parses_uuid=UUID('08ad607f-4a3c-46cf-b151-8732a8e615d8')
2022-02-17 13:02:56.555 | INFO     | penalty_parser:__input_values_and_click_button:222 - [IC] Нажатие на кнопку поиска self.parses_uuid=UUID('08ad607f-4a3c-46cf-b151-8732a8e615d8')
2022-02-17 13:02:56.575 | INFO     | penalty_parser:__input_values_and_click_button:230 - [IC] Найдена кнопка поиска <selenium.webdriver.firefox.webelement.FirefoxWebElement (session="550f213d-53c6-4b16-85fd-bf4ae91cfb86", element="11ca95b0-3c23-4ee0-a9d0-624989f250ee")>
2022-02-17 13:02:56.844 | INFO     | penalty_parser:__parse_result:132 - [PR] Начало парсинга результата
2022-02-17 13:03:00.872 | INFO     | penalty_parser:__parse_result:175 - [PR] Таймаут парсинга результата
2022-02-17 13:03:00.872 | ERROR    | __main__:parse:46 - [ERROR] timeout
2022-02-17 13:03:00.873 | INFO     | __main__:on_request:74 -  [Server] response({'result': 'Fail', 'data': {'error': 'timeout'}, 'uuid': '7b3b68c0-66b5-4782-a25d-5035a8290230', 'responded_time': '2022-02-17 13:03:00.872399'}) WORKER_UUID=UUID('08ad607f-4a3c-46cf-b151-8732a8e615d8')
2022-02-17 13:03:01.983 | INFO     | __main__:on_request:76 -  [Server] cleaned page! WORKER_UUID=UUID('08ad607f-4a3c-46cf-b151-8732a8e615d8')
2022-02-17 13:04:41.090 | INFO     | penalty_parser:exit_gracefully:64 - [EXIT] Kill self.WORKER_UUID=UUID('08ad607f-4a3c-46cf-b151-8732a8e615d8')
2022-02-17 13:04:41.090 | INFO     | penalty_parser:exit_gracefully:64 - [EXIT] Kill self.WORKER_UUID=UUID('e5c89174-cb83-4947-849a-4ff7707801f9')
2022-02-17 13:04:47.183 | INFO     | __main__:<module>:14 - [INIT] Начало инициализации кролика и парсера WORKER_UUID=UUID('fb368fd1-f56c-48c7-a4a3-65ff26aa97fa')
2022-02-17 13:04:47.183 | INFO     | __main__:<module>:14 - [INIT] Начало инициализации кролика и парсера WORKER_UUID=UUID('1fa66723-3422-437e-933a-d9f0c8b8d4b2')
2022-02-17 13:04:56.862 | INFO     | penalty_parser:__init__:125 - [INIT] END self.parses_uuid=UUID('1fa66723-3422-437e-933a-d9f0c8b8d4b2')
2022-02-17 13:04:56.866 | INFO     | __main__:<module>:82 - [Server] Awaiting RPC requests WORKER_UUID=UUID('1fa66723-3422-437e-933a-d9f0c8b8d4b2')
2022-02-17 13:05:00.610 | INFO     | penalty_parser:__init__:125 - [INIT] END self.parses_uuid=UUID('fb368fd1-f56c-48c7-a4a3-65ff26aa97fa')
2022-02-17 13:05:00.613 | INFO     | __main__:<module>:82 - [Server] Awaiting RPC requests WORKER_UUID=UUID('fb368fd1-f56c-48c7-a4a3-65ff26aa97fa')
2022-02-17 13:05:14.451 | INFO     | __main__:on_request:56 -  [OR] body({"gov_number": "\u0421931\u0420\u0412123", "sts": "2335884520", "uuid": "ce65dd3c-1c48-4d96-9a8a-4e9b0c533b18"}) WORKER_UUID=UUID('1fa66723-3422-437e-933a-d9f0c8b8d4b2')
2022-02-17 13:05:14.451 | INFO     | __main__:on_request:64 -  [OR] data({'gov_number': 'С931РВ123', 'sts': '2335884520', 'uuid': 'ce65dd3c-1c48-4d96-9a8a-4e9b0c533b18'}) WORKER_UUID=UUID('1fa66723-3422-437e-933a-d9f0c8b8d4b2')
2022-02-17 13:05:14.451 | INFO     | __main__:parse:29 - [INIT] Запрос gov_number='С931РВ123' sts='2335884520' WORKER_UUID=UUID('1fa66723-3422-437e-933a-d9f0c8b8d4b2')
2022-02-17 13:05:14.451 | INFO     | penalty_parser:parse_data:240 - [INIT] GOV_NUM: С931РВ123, STS: 2335884520 self.parses_uuid=UUID('1fa66723-3422-437e-933a-d9f0c8b8d4b2')
2022-02-17 13:05:14.451 | INFO     | penalty_parser:__input_values_and_click_button:187 - [IC] Ввод полей
2022-02-17 13:05:14.451 | INFO     | penalty_parser:__input_values_and_click_button:190 - [IC] Поле гос. номера self.parses_uuid=UUID('1fa66723-3422-437e-933a-d9f0c8b8d4b2')
2022-02-17 13:05:14.476 | INFO     | penalty_parser:__input_values_and_click_button:207 - [IC] Поле региона self.parses_uuid=UUID('1fa66723-3422-437e-933a-d9f0c8b8d4b2')
2022-02-17 13:05:14.490 | INFO     | penalty_parser:__input_values_and_click_button:216 - [IC] Поле свидетельства о регистрации self.parses_uuid=UUID('1fa66723-3422-437e-933a-d9f0c8b8d4b2')
2022-02-17 13:05:14.508 | INFO     | penalty_parser:__input_values_and_click_button:223 - [IC] Нажатие на кнопку поиска self.parses_uuid=UUID('1fa66723-3422-437e-933a-d9f0c8b8d4b2')
2022-02-17 13:05:14.532 | INFO     | penalty_parser:__input_values_and_click_button:231 - [IC] Найдена кнопка поиска <selenium.webdriver.firefox.webelement.FirefoxWebElement (session="edd28c61-fe19-4656-adec-b4a197b10a80", element="629ae9b0-28d3-424a-b0d3-3493ec35be1a")>
2022-02-17 13:05:14.802 | INFO     | penalty_parser:__parse_result:132 - [PR] Начало парсинга результата
2022-02-17 13:05:15.815 | INFO     | penalty_parser:__parse_result:143 - [PR] Найдены штрафы
2022-02-17 13:05:15.967 | INFO     | penalty_parser:__parse_result:157 - [PR] Найдены данные Дата и время нарушения::26.08.2018 в 23:30
2022-02-17 13:05:16.002 | INFO     | penalty_parser:__parse_result:157 - [PR] Найдены данные Статья КоАП РФ::12.26 ч.1 - невыполнение водителем законного требования сотрудника полиции о прохождении медицинского освидетельствования на состояние опьянения
2022-02-17 13:05:16.124 | INFO     | penalty_parser:__parse_result:157 - [PR] Найдены данные Подразделение ГИБДД::ОГИБДД и ДПС ОМВД России по г. Анапе
2022-02-17 13:05:16.149 | INFO     | penalty_parser:__parse_result:157 - [PR] Найдены данные Постановление::18810423180170013454 от 18.09.2018
2022-02-17 13:05:16.183 | INFO     | penalty_parser:__parse_result:157 - [PR] Найдены данные Сумма штрафа::30000 руб.
2022-02-17 13:05:16.193 | INFO     | penalty_parser:__parse_result:162 - [PR] Конец парсинга
2022-02-17 13:05:16.193 | INFO     | penalty_parser:parse_data:248 - [PD] Конец парсинга. Возврат значения result=[[{'name': 'Дата и время нарушения:', 'value': '26.08.2018 в 23:30'}, {'name': 'Статья КоАП РФ:', 'value': '12.26 ч.1 - невыполнение водителем законного требования сотрудника полиции о прохождении медицинского освидетельствования на состояние опьянения'}, {'name': 'Подразделение ГИБДД:', 'value': 'ОГИБДД и ДПС ОМВД России по г. Анапе'}, {'name': 'Постановление:', 'value': '18810423180170013454 от 18.09.2018'}, {'name': 'Сумма штрафа:', 'value': '30000 руб.'}]]
2022-02-17 13:05:16.194 | INFO     | __main__:on_request:74 -  [Server] response({'result': 'Success', 'data': [[{'name': 'Дата и время нарушения:', 'value': '26.08.2018 в 23:30'}, {'name': 'Статья КоАП РФ:', 'value': '12.26 ч.1 - невыполнение водителем законного требования сотрудника полиции о прохождении медицинского освидетельствования на состояние опьянения'}, {'name': 'Подразделение ГИБДД:', 'value': 'ОГИБДД и ДПС ОМВД России по г. Анапе'}, {'name': 'Постановление:', 'value': '18810423180170013454 от 18.09.2018'}, {'name': 'Сумма штрафа:', 'value': '30000 руб.'}]], 'uuid': 'ce65dd3c-1c48-4d96-9a8a-4e9b0c533b18', 'responded_time': '2022-02-17 13:05:16.193763'}) WORKER_UUID=UUID('1fa66723-3422-437e-933a-d9f0c8b8d4b2')
2022-02-17 13:05:16.766 | INFO     | __main__:on_request:76 -  [Server] cleaned page! WORKER_UUID=UUID('1fa66723-3422-437e-933a-d9f0c8b8d4b2')
2022-02-17 13:05:44.799 | INFO     | penalty_parser:exit_gracefully:64 - [EXIT] Kill self.WORKER_UUID=UUID('fb368fd1-f56c-48c7-a4a3-65ff26aa97fa')
2022-02-17 13:05:44.799 | INFO     | penalty_parser:exit_gracefully:64 - [EXIT] Kill self.WORKER_UUID=UUID('1fa66723-3422-437e-933a-d9f0c8b8d4b2')
2022-04-14 14:38:25.118 | INFO     | __main__:<module>:55 - [INIT] Начало инициализации парсера WORKER_UUID=UUID('a6199327-c9da-42bb-b6da-318bf1ea7995')
2022-04-14 14:38:25.119 | INFO     | __main__:<module>:55 - [INIT] Начало инициализации парсера WORKER_UUID=UUID('00a8bb22-c347-4e5d-b81f-3ab1508a6d50')
2022-04-14 14:38:32.758 | INFO     | parsers:save_or_load_cookies:122 - [SOLC] Загружаем куки с /home/kolchanovaa/Рабочий стол/parsers/parsers_gibdd_rabbitMQ/utils/cookies_info_parser.pkl
2022-04-14 14:38:32.921 | INFO     | parsers:__init__:99 - [INIT] Screen path='/home/kolchanovaa/Рабочий стол/parsers/parsers_gibdd_rabbitMQ/utils/00a8bb22-c347-4e5d-b81f-3ab1508a6d50'
2022-04-14 14:38:32.921 | INFO     | __main__:<module>:58 - [INIT] Конец инициализации парсера WORKER_UUID=UUID('00a8bb22-c347-4e5d-b81f-3ab1508a6d50')
2022-04-14 14:38:34.946 | INFO     | parsers:save_or_load_cookies:122 - [SOLC] Загружаем куки с /home/kolchanovaa/Рабочий стол/parsers/parsers_gibdd_rabbitMQ/utils/cookies_info_parser.pkl
2022-04-14 14:38:35.090 | INFO     | parsers:__init__:99 - [INIT] Screen path='/home/kolchanovaa/Рабочий стол/parsers/parsers_gibdd_rabbitMQ/utils/a6199327-c9da-42bb-b6da-318bf1ea7995'
2022-04-14 14:38:35.090 | INFO     | __main__:<module>:58 - [INIT] Конец инициализации парсера WORKER_UUID=UUID('a6199327-c9da-42bb-b6da-318bf1ea7995')
2022-04-14 14:41:34.209 | INFO     | api_lib.sync_api:on_request2:99 - [SER] Серилизован data={'vin': 'Z8T4D5FS9EM013865', 'method_info': 'registration_history', 'id': 'a763a037e22393944d432ac99e8e93ff', 'service_callback': 'KAAPROGR', 'method': 'check_info', 'method_callback': 'APIМетоды.ОбработатьРезультатПарсингаПроверок'}
2022-04-14 14:41:34.209 | INFO     | api_lib.sync_api:on_request2:111 - [Message] Начало обработки сообщения
2022-04-14 14:41:34.210 | INFO     | parsers:_send_field_orig:135 - Отправка кода в input_field 
2022-04-14 14:41:34.282 | INFO     | parsers:_send_field_orig:143 - Ввод VIN кода: Z8T4D5FS9EM013865
2022-04-14 14:41:34.282 | INFO     | parsers:_get_registration_history:348 - [REGISTRATION]Старт получения данных истории регистрации
2022-04-14 14:41:34.285 | INFO     | parsers:_get_registration_history:354 - [REGISTRATION-BUTTON]Кнопка нажата
/home/kolchanovaa/Рабочий стол/parsers/parsers_gibdd_rabbitMQ/venv/lib/python3.8/site-packages/selenium/webdriver/remote/webelement.py:446: UserWarning: find_element_by_class_name is deprecated. Please use find_element(by=By.CLASS_NAME, value=name) instead
  warnings.warn("find_element_by_class_name is deprecated. Please use find_element(by=By.CLASS_NAME, value=name) instead")
2022-04-14 14:41:35.279 | INFO     | parsers:_get_registration_history:354 - [REGISTRATION-BUTTON]Кнопка нажата
2022-04-14 14:41:36.721 | INFO     | parsers:_get_registration_history:354 - [REGISTRATION-BUTTON]Кнопка нажата
2022-04-14 14:41:38.207 | INFO     | parsers:_get_registration_history:354 - [REGISTRATION-BUTTON]Кнопка нажата
2022-04-14 14:41:39.635 | INFO     | parsers:_get_registration_history:354 - [REGISTRATION-BUTTON]Кнопка нажата
2022-04-14 14:41:41.076 | INFO     | parsers:_get_registration_history:354 - [REGISTRATION-BUTTON]Кнопка нажата
2022-04-14 14:41:42.531 | INFO     | parsers:_get_registration_history:354 - [REGISTRATION-BUTTON]Кнопка нажата
2022-04-14 14:41:43.954 | INFO     | parsers:_get_registration_history:354 - [REGISTRATION-BUTTON]Кнопка нажата
2022-04-14 14:41:45.381 | INFO     | parsers:_get_registration_history:354 - [REGISTRATION-BUTTON]Кнопка нажата
2022-04-14 14:41:46.696 | INFO     | api_lib.sync_api:on_request2:99 - [SER] Серилизован data={'vin': 'JF1GP7LC5CG028836', 'method_info': 'wanted_history', 'id': '50e85a5ca025ec32a7bbaa9739591b19', 'service_callback': 'KAAPROGR', 'method': 'check_info', 'method_callback': 'APIМетоды.ОбработатьРезультатПарсингаПроверок'}
2022-04-14 14:41:46.697 | INFO     | api_lib.sync_api:on_request2:111 - [Message] Начало обработки сообщения
2022-04-14 14:41:46.698 | INFO     | parsers:_send_field_orig:135 - Отправка кода в input_field 
2022-04-14 14:41:46.782 | INFO     | parsers:_send_field_orig:143 - Ввод VIN кода: JF1GP7LC5CG028836
2022-04-14 14:41:46.782 | INFO     | parsers:_get_tracing_history:564 - [TRACING]Старт получения истории розыска 
2022-04-14 14:41:46.811 | INFO     | parsers:_get_registration_history:354 - [REGISTRATION-BUTTON]Кнопка нажата
/home/kolchanovaa/Рабочий стол/parsers/parsers_gibdd_rabbitMQ/venv/lib/python3.8/site-packages/selenium/webdriver/remote/webelement.py:446: UserWarning: find_element_by_class_name is deprecated. Please use find_element(by=By.CLASS_NAME, value=name) instead
  warnings.warn("find_element_by_class_name is deprecated. Please use find_element(by=By.CLASS_NAME, value=name) instead")
2022-04-14 14:41:47.275 | INFO     | parsers:_get_tracing_history:580 - [TRACING-BUTTON]Кнопка нажата
2022-04-14 14:41:47.655 | INFO     | parsers:_get_tracing_history:588 - [TRACING-DATA] Поднятие ошибки NoSuchElementException
/home/kolchanovaa/Рабочий стол/parsers/parsers_gibdd_rabbitMQ/venv/lib/python3.8/site-packages/selenium/webdriver/remote/webelement.py:359: UserWarning: find_elements_by_tag_name is deprecated. Please use find_elements(by=By.TAG_NAME, value=name) instead
  warnings.warn("find_elements_by_tag_name is deprecated. Please use find_elements(by=By.TAG_NAME, value=name) instead")
2022-04-14 14:41:48.165 | INFO     | parsers:_get_tracing_history:607 - [TRACING-DATA] Элемент не найден, итерация: 1
2022-04-14 14:41:48.206 | INFO     | parsers:_get_registration_history:354 - [REGISTRATION-BUTTON]Кнопка нажата
2022-04-14 14:41:48.520 | INFO     | parsers:_get_tracing_history:588 - [TRACING-DATA] Поднятие ошибки NoSuchElementException
2022-04-14 14:41:49.029 | INFO     | parsers:_get_tracing_history:607 - [TRACING-DATA] Элемент не найден, итерация: 2
2022-04-14 14:41:49.343 | INFO     | parsers:_get_tracing_history:588 - [TRACING-DATA] Поднятие ошибки NoSuchElementException
2022-04-14 14:41:49.668 | INFO     | parsers:_get_registration_history:354 - [REGISTRATION-BUTTON]Кнопка нажата
2022-04-14 14:41:49.851 | INFO     | parsers:_get_tracing_history:607 - [TRACING-DATA] Элемент не найден, итерация: 3
2022-04-14 14:41:50.184 | INFO     | parsers:_get_tracing_history:588 - [TRACING-DATA] Поднятие ошибки NoSuchElementException
2022-04-14 14:41:50.693 | INFO     | parsers:_get_tracing_history:607 - [TRACING-DATA] Элемент не найден, итерация: 4
2022-04-14 14:41:51.027 | INFO     | parsers:_get_registration_history:354 - [REGISTRATION-BUTTON]Кнопка нажата
2022-04-14 14:41:51.037 | INFO     | parsers:_get_tracing_history:588 - [TRACING-DATA] Поднятие ошибки NoSuchElementException
2022-04-14 14:41:51.546 | INFO     | parsers:_get_tracing_history:607 - [TRACING-DATA] Элемент не найден, итерация: 5
2022-04-14 14:41:51.879 | INFO     | parsers:_get_tracing_history:588 - [TRACING-DATA] Поднятие ошибки NoSuchElementException
2022-04-14 14:41:52.387 | INFO     | parsers:_get_tracing_history:607 - [TRACING-DATA] Элемент не найден, итерация: 6
2022-04-14 14:41:52.441 | INFO     | parsers:_get_registration_history:354 - [REGISTRATION-BUTTON]Кнопка нажата
2022-04-14 14:41:52.731 | INFO     | parsers:_get_tracing_history:588 - [TRACING-DATA] Поднятие ошибки NoSuchElementException
2022-04-14 14:41:53.239 | INFO     | parsers:_get_tracing_history:607 - [TRACING-DATA] Элемент не найден, итерация: 7
2022-04-14 14:41:53.534 | INFO     | parsers:_get_tracing_history:588 - [TRACING-DATA] Поднятие ошибки NoSuchElementException
2022-04-14 14:41:53.853 | INFO     | parsers:_get_registration_history:354 - [REGISTRATION-BUTTON]Кнопка нажата
2022-04-14 14:41:54.043 | INFO     | parsers:_get_tracing_history:607 - [TRACING-DATA] Элемент не найден, итерация: 8
2022-04-14 14:41:54.379 | INFO     | parsers:_get_tracing_history:588 - [TRACING-DATA] Поднятие ошибки NoSuchElementException
2022-04-14 14:41:54.887 | INFO     | parsers:_get_tracing_history:607 - [TRACING-DATA] Элемент не найден, итерация: 9
2022-04-14 14:41:55.227 | INFO     | parsers:_get_tracing_history:588 - [TRACING-DATA] Поднятие ошибки NoSuchElementException
2022-04-14 14:41:55.244 | INFO     | parsers:_get_registration_history:354 - [REGISTRATION-BUTTON]Кнопка нажата
2022-04-14 14:41:55.736 | INFO     | parsers:_get_tracing_history:607 - [TRACING-DATA] Элемент не найден, итерация: 10
2022-04-14 14:41:56.129 | INFO     | parsers:_get_tracing_history:588 - [TRACING-DATA] Поднятие ошибки NoSuchElementException
2022-04-14 14:41:56.637 | INFO     | parsers:_get_tracing_history:607 - [TRACING-DATA] Элемент не найден, итерация: 11
2022-04-14 14:41:56.707 | INFO     | parsers:_get_registration_history:354 - [REGISTRATION-BUTTON]Кнопка нажата
2022-04-14 14:41:56.977 | INFO     | parsers:_get_tracing_history:588 - [TRACING-DATA] Поднятие ошибки NoSuchElementException
2022-04-14 14:41:57.485 | INFO     | parsers:_get_tracing_history:607 - [TRACING-DATA] Элемент не найден, итерация: 12
2022-04-14 14:41:57.796 | INFO     | parsers:_get_tracing_history:588 - [TRACING-DATA] Поднятие ошибки NoSuchElementException
2022-04-14 14:41:58.144 | INFO     | parsers:_get_registration_history:354 - [REGISTRATION-BUTTON]Кнопка нажата
2022-04-14 14:41:58.304 | INFO     | parsers:_get_tracing_history:607 - [TRACING-DATA] Элемент не найден, итерация: 13
2022-04-14 14:41:58.640 | INFO     | parsers:_get_tracing_history:588 - [TRACING-DATA] Поднятие ошибки NoSuchElementException
2022-04-14 14:41:59.148 | INFO     | parsers:_get_tracing_history:607 - [TRACING-DATA] Элемент не найден, итерация: 14
2022-04-14 14:41:59.480 | INFO     | parsers:_get_tracing_history:588 - [TRACING-DATA] Поднятие ошибки NoSuchElementException
2022-04-14 14:41:59.535 | INFO     | parsers:_get_registration_history:354 - [REGISTRATION-BUTTON]Кнопка нажата
2022-04-14 14:41:59.988 | INFO     | parsers:_get_tracing_history:607 - [TRACING-DATA] Элемент не найден, итерация: 15
2022-04-14 14:42:00.338 | INFO     | parsers:_get_tracing_history:588 - [TRACING-DATA] Поднятие ошибки NoSuchElementException
2022-04-14 14:42:00.846 | INFO     | parsers:_get_tracing_history:607 - [TRACING-DATA] Элемент не найден, итерация: 16
2022-04-14 14:42:00.938 | INFO     | parsers:_get_registration_history:354 - [REGISTRATION-BUTTON]Кнопка нажата
2022-04-14 14:42:01.181 | INFO     | parsers:_get_tracing_history:588 - [TRACING-DATA] Поднятие ошибки NoSuchElementException
2022-04-14 14:42:01.690 | INFO     | parsers:_get_tracing_history:607 - [TRACING-DATA] Элемент не найден, итерация: 17
2022-04-14 14:42:01.995 | INFO     | parsers:_get_tracing_history:588 - [TRACING-DATA] Поднятие ошибки NoSuchElementException
2022-04-14 14:42:02.355 | INFO     | parsers:_get_registration_history:354 - [REGISTRATION-BUTTON]Кнопка нажата
2022-04-14 14:42:02.503 | INFO     | parsers:_get_tracing_history:607 - [TRACING-DATA] Элемент не найден, итерация: 18
2022-04-14 14:42:02.837 | INFO     | parsers:_get_tracing_history:588 - [TRACING-DATA] Поднятие ошибки NoSuchElementException
2022-04-14 14:42:03.345 | INFO     | parsers:_get_tracing_history:607 - [TRACING-DATA] Элемент не найден, итерация: 19
2022-04-14 14:42:03.673 | INFO     | parsers:_get_tracing_history:588 - [TRACING-DATA] Поднятие ошибки NoSuchElementException
2022-04-14 14:42:03.748 | INFO     | parsers:_get_registration_history:354 - [REGISTRATION-BUTTON]Кнопка нажата
2022-04-14 14:42:04.181 | INFO     | parsers:_get_tracing_history:607 - [TRACING-DATA] Элемент не найден, итерация: 20
2022-04-14 14:42:04.523 | INFO     | parsers:_get_tracing_history:588 - [TRACING-DATA] Поднятие ошибки NoSuchElementException
2022-04-14 14:42:05.031 | INFO     | parsers:_get_tracing_history:607 - [TRACING-DATA] Элемент не найден, итерация: 21
2022-04-14 14:42:05.129 | INFO     | parsers:_get_registration_history:354 - [REGISTRATION-BUTTON]Кнопка нажата
2022-04-14 14:42:05.369 | INFO     | parsers:_get_tracing_history:588 - [TRACING-DATA] Поднятие ошибки NoSuchElementException
2022-04-14 14:42:05.877 | INFO     | parsers:_get_tracing_history:607 - [TRACING-DATA] Элемент не найден, итерация: 22
2022-04-14 14:42:06.180 | INFO     | parsers:_get_tracing_history:588 - [TRACING-DATA] Поднятие ошибки NoSuchElementException
2022-04-14 14:42:06.518 | INFO     | parsers:_get_registration_history:354 - [REGISTRATION-BUTTON]Кнопка нажата
2022-04-14 14:42:06.688 | INFO     | parsers:_get_tracing_history:607 - [TRACING-DATA] Элемент не найден, итерация: 23
2022-04-14 14:42:07.004 | INFO     | parsers:_get_tracing_history:588 - [TRACING-DATA] Поднятие ошибки NoSuchElementException
2022-04-14 14:42:07.512 | INFO     | parsers:_get_tracing_history:607 - [TRACING-DATA] Элемент не найден, итерация: 24
2022-04-14 14:42:07.817 | INFO     | parsers:_get_tracing_history:588 - [TRACING-DATA] Поднятие ошибки NoSuchElementException
2022-04-14 14:42:07.915 | INFO     | parsers:_get_registration_history:354 - [REGISTRATION-BUTTON]Кнопка нажата
2022-04-14 14:42:08.326 | INFO     | parsers:_get_tracing_history:607 - [TRACING-DATA] Элемент не найден, итерация: 25
2022-04-14 14:42:08.670 | INFO     | parsers:_get_tracing_history:588 - [TRACING-DATA] Поднятие ошибки NoSuchElementException
2022-04-14 14:42:09.179 | INFO     | parsers:_get_tracing_history:607 - [TRACING-DATA] Элемент не найден, итерация: 26
2022-04-14 14:42:09.322 | INFO     | parsers:_get_registration_history:354 - [REGISTRATION-BUTTON]Кнопка нажата
2022-04-14 14:42:09.513 | INFO     | parsers:_get_tracing_history:588 - [TRACING-DATA] Поднятие ошибки NoSuchElementException
2022-04-14 14:42:10.022 | INFO     | parsers:_get_tracing_history:607 - [TRACING-DATA] Элемент не найден, итерация: 27
2022-04-14 14:42:10.200 | INFO     | parsers:_get_registration_history:378 - [REGISTRATION-DATA] Данные прогрузились
2022-04-14 14:42:10.331 | INFO     | parsers:_get_tracing_history:588 - [TRACING-DATA] Поднятие ошибки NoSuchElementException
2022-04-14 14:42:10.840 | INFO     | parsers:_get_tracing_history:607 - [TRACING-DATA] Элемент не найден, итерация: 28
2022-04-14 14:42:11.166 | INFO     | parsers:_get_tracing_history:588 - [TRACING-DATA] Поднятие ошибки NoSuchElementException
2022-04-14 14:42:11.265 | INFO     | parsers:_change_data_output_format:272 - [REGISTRATION-DATA]: ['Периоды', 'владения', 'транспортным', 'средством']
2022-04-14 14:42:11.265 | INFO     | parsers:_change_data_output_format:272 - [REGISTRATION-DATA]: ['c', '08.07.2014', 'по', '04.08.2016:', 'Юридическое', 'лицо']
2022-04-14 14:42:11.265 | INFO     | parsers:_change_data_output_format:272 - [REGISTRATION-DATA]: ['c', '04.08.2016', 'по', '15.01.2022:', 'Физическое', 'лицо']
2022-04-14 14:42:11.265 | INFO     | parsers:_change_data_output_format:272 - [REGISTRATION-DATA]: ['c', '15.01.2022', 'по', 'настоящее', 'время:', 'Физическое', 'лицо']
2022-04-14 14:42:11.265 | INFO     | parsers:_change_data_output_format:272 - [REGISTRATION-DATA]: ['Последняя', 'операция', '-', 'изменение', 'собственника', '(владельца)']
2022-04-14 14:42:11.265 | INFO     | parsers:_change_data_output_format:286 - [DATA]: {'vehicle_brand_or_model': 'ПЕЖО 408', 'model_product_year': '2014', 'vin_code': 'Z8T4D5FS9EM013865', 'chasis_number': '-', 'body_number': 'Z8T4D5FS9EM013865', 'color': 'Белый', 'engine_number': '2030062', 'working_volume': '1598.0', 'power': '88.24/120.0', 'vehicle_type': 'Легковые автомобили седан'}
2022-04-14 14:42:11.265 | INFO     | __main__:check_info:47 -  [Server] response(({'registration_history': {'vehicle_brand_or_model': 'ПЕЖО 408', 'model_product_year': '2014', 'vin_code': 'Z8T4D5FS9EM013865', 'chasis_number': '-', 'body_number': 'Z8T4D5FS9EM013865', 'color': 'Белый', 'engine_number': '2030062', 'working_volume': '1598.0', 'power': '88.24/120.0', 'vehicle_type': 'Легковые автомобили седан', 'periods_of_vehicle_ownership': ['c 08.07.2014 по 04.08.2016: Юридическое лицо', 'c 04.08.2016 по 15.01.2022: Физическое лицо', 'c 15.01.2022 по настоящее время: Физическое лицо'], 'last_operation': 'Последняя операция - изменение собственника (владельца)'}}, True)) WORKER_UUID=UUID('00a8bb22-c347-4e5d-b81f-3ab1508a6d50')
2022-04-14 14:42:11.570 | INFO     | __main__:check_info:49 -  [Server] cleaned page! WORKER_UUID=UUID('00a8bb22-c347-4e5d-b81f-3ab1508a6d50')
2022-04-14 14:42:11.571 | INFO     | api_lib.sync_api:on_request2:117 - [Message] Конец обработки сообщения out='{"response_id": "a763a037e22393944d432ac99e8e93ff", "service_callback": "KAAPROGR", "method": null, "message": {"result": true, "response": {"registration_history": {"vehicle_brand_or_model": "\\u041f\\u0415\\u0416\\u041e 408", "model_product_year": "2014", "vin_code": "Z8T4D5FS9EM013865", "chasis_number": "-", "body_number": "Z8T4D5FS9EM013865", "color": "\\u0411\\u0435\\u043b\\u044b\\u0439", "engine_number": "2030062", "working_volume": "1598.0", "power": "88.24/120.0", "vehicle_type": "\\u041b\\u0435\\u0433\\u043a\\u043e\\u0432\\u044b\\u0435 \\u0430\\u0432\\u0442\\u043e\\u043c\\u043e\\u0431\\u0438\\u043b\\u0438 \\u0441\\u0435\\u0434\\u0430\\u043d", "periods_of_vehicle_ownership": ["c 08.07.2014 \\u043f\\u043e 04.08.2016: \\u042e\\u0440\\u0438\\u0434\\u0438\\u0447\\u0435\\u0441\\u043a\\u043e\\u0435 \\u043b\\u0438\\u0446\\u043e", "c 04.08.2016 \\u043f\\u043e 15.01.2022: \\u0424\\u0438\\u0437\\u0438\\u0447\\u0435\\u0441\\u043a\\u043e\\u0435 \\u043b\\u0438\\u0446\\u043e", "c 15.01.2022 \\u043f\\u043e \\u043d\\u0430\\u0441\\u0442\\u043e\\u044f\\u0449\\u0435\\u0435 \\u0432\\u0440\\u0435\\u043c\\u044f: \\u0424\\u0438\\u0437\\u0438\\u0447\\u0435\\u0441\\u043a\\u043e\\u0435 \\u043b\\u0438\\u0446\\u043e"], "last_operation": "\\u041f\\u043e\\u0441\\u043b\\u0435\\u0434\\u043d\\u044f\\u044f \\u043e\\u043f\\u0435\\u0440\\u0430\\u0446\\u0438\\u044f - \\u0438\\u0437\\u043c\\u0435\\u043d\\u0435\\u043d\\u0438\\u0435 \\u0441\\u043e\\u0431\\u0441\\u0442\\u0432\\u0435\\u043d\\u043d\\u0438\\u043a\\u0430 (\\u0432\\u043b\\u0430\\u0434\\u0435\\u043b\\u044c\\u0446\\u0430)"}}}, "id": "03acedb3e8b2f91fce0d4043e9b0ff0e"}'
2022-04-14 14:42:11.571 | INFO     | api_lib.sync_api:on_request2:126 - Сообщение отправлено в очередь kaaprogr
2022-04-14 14:42:11.673 | INFO     | parsers:_get_tracing_history:607 - [TRACING-DATA] Элемент не найден, итерация: 29
2022-04-14 14:42:11.980 | INFO     | parsers:_get_tracing_history:588 - [TRACING-DATA] Поднятие ошибки NoSuchElementException
2022-04-14 14:42:12.489 | INFO     | parsers:_get_tracing_history:607 - [TRACING-DATA] Элемент не найден, итерация: 30
2022-04-14 14:42:12.489 | INFO     | __main__:check_info:47 -  [Server] response(({'error': 'Ошибка заполнения данных'}, False)) WORKER_UUID=UUID('a6199327-c9da-42bb-b6da-318bf1ea7995')
2022-04-14 14:42:13.554 | INFO     | __main__:check_info:49 -  [Server] cleaned page! WORKER_UUID=UUID('a6199327-c9da-42bb-b6da-318bf1ea7995')
2022-04-14 14:42:13.555 | INFO     | api_lib.sync_api:on_request2:117 - [Message] Конец обработки сообщения out='{"response_id": "50e85a5ca025ec32a7bbaa9739591b19", "service_callback": "KAAPROGR", "method": null, "message": {"result": false, "response": {"error": "\\u041e\\u0448\\u0438\\u0431\\u043a\\u0430 \\u0437\\u0430\\u043f\\u043e\\u043b\\u043d\\u0435\\u043d\\u0438\\u044f \\u0434\\u0430\\u043d\\u043d\\u044b\\u0445"}}, "id": "8cf834f01edd8acfffeeb0d405536a32"}'
2022-04-14 14:42:13.555 | INFO     | api_lib.sync_api:on_request2:126 - Сообщение отправлено в очередь kaaprogr
2022-04-14 14:43:13.445 | INFO     | api_lib.sync_api:on_request2:99 - [SER] Серилизован data={'vin': 'JF1GP7LC5CG028836', 'method_info': 'wanted_history', 'id': '50e85a5ca025ec32a7bbaa9739591b19', 'service_callback': 'KAAPROGR', 'method': 'check_info', 'method_callback': 'APIМетоды.ОбработатьРезультатПарсингаПроверок'}
2022-04-14 14:43:13.446 | INFO     | api_lib.sync_api:on_request2:111 - [Message] Начало обработки сообщения
2022-04-14 14:43:13.446 | INFO     | parsers:_send_field_orig:135 - Отправка кода в input_field 
2022-04-14 14:43:13.502 | INFO     | parsers:_send_field_orig:143 - Ввод VIN кода: JF1GP7LC5CG028836
2022-04-14 14:43:13.502 | INFO     | parsers:_get_tracing_history:564 - [TRACING]Старт получения истории розыска 
2022-04-14 14:43:13.998 | INFO     | parsers:_get_tracing_history:580 - [TRACING-BUTTON]Кнопка нажата
2022-04-14 14:43:14.370 | INFO     | parsers:_get_tracing_history:588 - [TRACING-DATA] Поднятие ошибки NoSuchElementException
/home/kolchanovaa/Рабочий стол/parsers/parsers_gibdd_rabbitMQ/venv/lib/python3.8/site-packages/selenium/webdriver/remote/webelement.py:359: UserWarning: find_elements_by_tag_name is deprecated. Please use find_elements(by=By.TAG_NAME, value=name) instead
  warnings.warn("find_elements_by_tag_name is deprecated. Please use find_elements(by=By.TAG_NAME, value=name) instead")
2022-04-14 14:43:14.879 | INFO     | parsers:_get_tracing_history:607 - [TRACING-DATA] Элемент не найден, итерация: 1
2022-04-14 14:43:15.216 | INFO     | parsers:_get_tracing_history:588 - [TRACING-DATA] Поднятие ошибки NoSuchElementException
2022-04-14 14:43:15.725 | INFO     | parsers:_get_tracing_history:607 - [TRACING-DATA] Элемент не найден, итерация: 2
2022-04-14 14:43:16.107 | INFO     | parsers:_get_tracing_history:588 - [TRACING-DATA] Поднятие ошибки NoSuchElementException
2022-04-14 14:43:16.618 | INFO     | parsers:_get_tracing_history:607 - [TRACING-DATA] Элемент не найден, итерация: 3
2022-04-14 14:43:16.948 | INFO     | parsers:_get_tracing_history:588 - [TRACING-DATA] Поднятие ошибки NoSuchElementException
2022-04-14 14:43:17.457 | INFO     | parsers:_get_tracing_history:607 - [TRACING-DATA] Элемент не найден, итерация: 4
2022-04-14 14:43:17.823 | INFO     | parsers:_get_tracing_history:588 - [TRACING-DATA] Поднятие ошибки NoSuchElementException
2022-04-14 14:43:18.336 | INFO     | parsers:_get_tracing_history:607 - [TRACING-DATA] Элемент не найден, итерация: 5
2022-04-14 14:43:18.671 | INFO     | parsers:_get_tracing_history:588 - [TRACING-DATA] Поднятие ошибки NoSuchElementException
2022-04-14 14:43:19.179 | INFO     | parsers:_get_tracing_history:607 - [TRACING-DATA] Элемент не найден, итерация: 6
2022-04-14 14:43:19.520 | INFO     | parsers:_get_tracing_history:588 - [TRACING-DATA] Поднятие ошибки NoSuchElementException
2022-04-14 14:43:20.029 | INFO     | parsers:_get_tracing_history:607 - [TRACING-DATA] Элемент не найден, итерация: 7
2022-04-14 14:43:20.369 | INFO     | parsers:_get_tracing_history:588 - [TRACING-DATA] Поднятие ошибки NoSuchElementException
2022-04-14 14:43:20.877 | INFO     | parsers:_get_tracing_history:607 - [TRACING-DATA] Элемент не найден, итерация: 8
2022-04-14 14:43:21.215 | INFO     | parsers:_get_tracing_history:588 - [TRACING-DATA] Поднятие ошибки NoSuchElementException
2022-04-14 14:43:21.723 | INFO     | parsers:_get_tracing_history:607 - [TRACING-DATA] Элемент не найден, итерация: 9
2022-04-14 14:43:22.058 | INFO     | parsers:_get_tracing_history:588 - [TRACING-DATA] Поднятие ошибки NoSuchElementException
2022-04-14 14:43:22.565 | INFO     | parsers:_get_tracing_history:607 - [TRACING-DATA] Элемент не найден, итерация: 10
2022-04-14 14:43:22.910 | INFO     | parsers:_get_tracing_history:588 - [TRACING-DATA] Поднятие ошибки NoSuchElementException
2022-04-14 14:43:23.418 | INFO     | parsers:_get_tracing_history:607 - [TRACING-DATA] Элемент не найден, итерация: 11
2022-04-14 14:43:23.755 | INFO     | parsers:_get_tracing_history:588 - [TRACING-DATA] Поднятие ошибки NoSuchElementException
2022-04-14 14:43:24.263 | INFO     | parsers:_get_tracing_history:607 - [TRACING-DATA] Элемент не найден, итерация: 12
2022-04-14 14:43:24.577 | INFO     | parsers:_get_tracing_history:588 - [TRACING-DATA] Поднятие ошибки NoSuchElementException
2022-04-14 14:43:25.086 | INFO     | parsers:_get_tracing_history:607 - [TRACING-DATA] Элемент не найден, итерация: 13
2022-04-14 14:43:25.432 | INFO     | parsers:_get_tracing_history:588 - [TRACING-DATA] Поднятие ошибки NoSuchElementException
2022-04-14 14:43:25.941 | INFO     | parsers:_get_tracing_history:607 - [TRACING-DATA] Элемент не найден, итерация: 14
2022-04-14 14:43:26.284 | INFO     | parsers:_get_tracing_history:588 - [TRACING-DATA] Поднятие ошибки NoSuchElementException
2022-04-14 14:43:26.792 | INFO     | parsers:_get_tracing_history:607 - [TRACING-DATA] Элемент не найден, итерация: 15
2022-04-14 14:43:27.129 | INFO     | parsers:_get_tracing_history:588 - [TRACING-DATA] Поднятие ошибки NoSuchElementException
2022-04-14 14:43:27.140 | INFO     | parsers:_get_tracing_history:594 - [TRACING-DATA]: Результат -  По указанному VIN (номер кузова или шасси) не найдена информация о розыске транспортного средства.
2022-04-14 14:43:27.140 | INFO     | __main__:check_info:47 -  [Server] response(({'wanted_history': 'По указанному VIN (номер кузова или шасси) не найдена информация о розыске транспортного средства.'}, True)) WORKER_UUID=UUID('00a8bb22-c347-4e5d-b81f-3ab1508a6d50')
2022-04-14 14:43:27.490 | INFO     | __main__:check_info:49 -  [Server] cleaned page! WORKER_UUID=UUID('00a8bb22-c347-4e5d-b81f-3ab1508a6d50')
2022-04-14 14:43:27.490 | INFO     | api_lib.sync_api:on_request2:117 - [Message] Конец обработки сообщения out='{"response_id": "50e85a5ca025ec32a7bbaa9739591b19", "service_callback": "KAAPROGR", "method": null, "message": {"result": true, "response": {"wanted_history": "\\u041f\\u043e \\u0443\\u043a\\u0430\\u0437\\u0430\\u043d\\u043d\\u043e\\u043c\\u0443 VIN (\\u043d\\u043e\\u043c\\u0435\\u0440 \\u043a\\u0443\\u0437\\u043e\\u0432\\u0430 \\u0438\\u043b\\u0438 \\u0448\\u0430\\u0441\\u0441\\u0438) \\u043d\\u0435 \\u043d\\u0430\\u0439\\u0434\\u0435\\u043d\\u0430 \\u0438\\u043d\\u0444\\u043e\\u0440\\u043c\\u0430\\u0446\\u0438\\u044f \\u043e \\u0440\\u043e\\u0437\\u044b\\u0441\\u043a\\u0435 \\u0442\\u0440\\u0430\\u043d\\u0441\\u043f\\u043e\\u0440\\u0442\\u043d\\u043e\\u0433\\u043e \\u0441\\u0440\\u0435\\u0434\\u0441\\u0442\\u0432\\u0430."}}, "id": "d7dbd45caf127a4538f4bd562e9f1d58"}'
2022-04-14 14:43:27.490 | INFO     | api_lib.sync_api:on_request2:126 - Сообщение отправлено в очередь kaaprogr
2022-04-14 14:45:49.095 | INFO     | api_lib.sync_api:on_request2:99 - [SER] Серилизован data={'vin': 'Z8T4D5FS9EM013865', 'method_info': 'registration_history', 'id': 'a763a037e22393944d432ac99e8e93ff', 'service_callback': 'KAAPROGR', 'method': 'check_info', 'method_callback': 'APIМетоды.ОбработатьРезультатПарсингаПроверок'}
2022-04-14 14:45:49.096 | INFO     | api_lib.sync_api:on_request2:111 - [Message] Начало обработки сообщения
2022-04-14 14:45:49.096 | INFO     | parsers:_send_field_orig:135 - Отправка кода в input_field 
2022-04-14 14:45:49.162 | INFO     | parsers:_send_field_orig:143 - Ввод VIN кода: Z8T4D5FS9EM013865
2022-04-14 14:45:49.162 | INFO     | parsers:_get_registration_history:348 - [REGISTRATION]Старт получения данных истории регистрации
2022-04-14 14:45:49.166 | INFO     | parsers:_get_registration_history:354 - [REGISTRATION-BUTTON]Кнопка нажата
2022-04-14 14:45:50.190 | INFO     | parsers:_get_registration_history:354 - [REGISTRATION-BUTTON]Кнопка нажата
2022-04-14 14:45:51.292 | INFO     | api_lib.sync_api:on_request2:99 - [SER] Серилизован data={'vin': 'JF1GP7LC5CG028836', 'method_info': 'wanted_history', 'id': '50e85a5ca025ec32a7bbaa9739591b19', 'service_callback': 'KAAPROGR', 'method': 'check_info', 'method_callback': 'APIМетоды.ОбработатьРезультатПарсингаПроверок'}
2022-04-14 14:45:51.292 | INFO     | api_lib.sync_api:on_request2:111 - [Message] Начало обработки сообщения
2022-04-14 14:45:51.293 | INFO     | parsers:_send_field_orig:135 - Отправка кода в input_field 
2022-04-14 14:45:51.356 | INFO     | parsers:_send_field_orig:143 - Ввод VIN кода: JF1GP7LC5CG028836
2022-04-14 14:45:51.357 | INFO     | parsers:_get_tracing_history:564 - [TRACING]Старт получения истории розыска 
2022-04-14 14:45:51.628 | INFO     | parsers:_get_registration_history:354 - [REGISTRATION-BUTTON]Кнопка нажата
2022-04-14 14:45:51.848 | INFO     | parsers:_get_tracing_history:580 - [TRACING-BUTTON]Кнопка нажата
2022-04-14 14:45:52.218 | INFO     | parsers:_get_tracing_history:588 - [TRACING-DATA] Поднятие ошибки NoSuchElementException
2022-04-14 14:45:52.728 | INFO     | parsers:_get_tracing_history:607 - [TRACING-DATA] Элемент не найден, итерация: 1
2022-04-14 14:45:53.044 | INFO     | parsers:_get_registration_history:354 - [REGISTRATION-BUTTON]Кнопка нажата
2022-04-14 14:45:53.079 | INFO     | parsers:_get_tracing_history:588 - [TRACING-DATA] Поднятие ошибки NoSuchElementException
2022-04-14 14:45:53.589 | INFO     | parsers:_get_tracing_history:607 - [TRACING-DATA] Элемент не найден, итерация: 2
2022-04-14 14:45:53.887 | INFO     | parsers:_get_registration_history:378 - [REGISTRATION-DATA] Данные прогрузились
2022-04-14 14:45:53.929 | INFO     | parsers:_get_tracing_history:588 - [TRACING-DATA] Поднятие ошибки NoSuchElementException
2022-04-14 14:45:54.440 | INFO     | parsers:_get_tracing_history:607 - [TRACING-DATA] Элемент не найден, итерация: 3
2022-04-14 14:45:54.785 | INFO     | parsers:_get_tracing_history:588 - [TRACING-DATA] Поднятие ошибки NoSuchElementException
2022-04-14 14:45:54.984 | INFO     | parsers:_change_data_output_format:272 - [REGISTRATION-DATA]: ['Периоды', 'владения', 'транспортным', 'средством']
2022-04-14 14:45:54.984 | INFO     | parsers:_change_data_output_format:272 - [REGISTRATION-DATA]: ['c', '08.07.2014', 'по', '04.08.2016:', 'Юридическое', 'лицо']
2022-04-14 14:45:54.985 | INFO     | parsers:_change_data_output_format:272 - [REGISTRATION-DATA]: ['c', '04.08.2016', 'по', '15.01.2022:', 'Физическое', 'лицо']
2022-04-14 14:45:54.985 | INFO     | parsers:_change_data_output_format:272 - [REGISTRATION-DATA]: ['c', '15.01.2022', 'по', 'настоящее', 'время:', 'Физическое', 'лицо']
2022-04-14 14:45:54.985 | INFO     | parsers:_change_data_output_format:272 - [REGISTRATION-DATA]: ['Последняя', 'операция', '-', 'изменение', 'собственника', '(владельца)']
2022-04-14 14:45:54.985 | INFO     | parsers:_change_data_output_format:286 - [DATA]: {'vehicle_brand_or_model': 'ПЕЖО 408', 'model_product_year': '2014', 'vin_code': 'Z8T4D5FS9EM013865', 'chasis_number': '-', 'body_number': 'Z8T4D5FS9EM013865', 'color': 'Белый', 'engine_number': '2030062', 'working_volume': '1598.0', 'power': '88.24/120.0', 'vehicle_type': 'Легковые автомобили седан'}
2022-04-14 14:45:54.985 | INFO     | __main__:check_info:47 -  [Server] response(({'registration_history': {'vehicle_brand_or_model': 'ПЕЖО 408', 'model_product_year': '2014', 'vin_code': 'Z8T4D5FS9EM013865', 'chasis_number': '-', 'body_number': 'Z8T4D5FS9EM013865', 'color': 'Белый', 'engine_number': '2030062', 'working_volume': '1598.0', 'power': '88.24/120.0', 'vehicle_type': 'Легковые автомобили седан', 'periods_of_vehicle_ownership': ['c 08.07.2014 по 04.08.2016: Юридическое лицо', 'c 04.08.2016 по 15.01.2022: Физическое лицо', 'c 15.01.2022 по настоящее время: Физическое лицо'], 'last_operation': 'Последняя операция - изменение собственника (владельца)'}}, True)) WORKER_UUID=UUID('a6199327-c9da-42bb-b6da-318bf1ea7995')
2022-04-14 14:45:55.292 | INFO     | parsers:_get_tracing_history:607 - [TRACING-DATA] Элемент не найден, итерация: 4
2022-04-14 14:45:55.388 | INFO     | __main__:check_info:49 -  [Server] cleaned page! WORKER_UUID=UUID('a6199327-c9da-42bb-b6da-318bf1ea7995')
2022-04-14 14:45:55.389 | INFO     | api_lib.sync_api:on_request2:117 - [Message] Конец обработки сообщения out='{"response_id": "a763a037e22393944d432ac99e8e93ff", "service_callback": "KAAPROGR", "method": null, "message": {"result": true, "response": {"registration_history": {"vehicle_brand_or_model": "\\u041f\\u0415\\u0416\\u041e 408", "model_product_year": "2014", "vin_code": "Z8T4D5FS9EM013865", "chasis_number": "-", "body_number": "Z8T4D5FS9EM013865", "color": "\\u0411\\u0435\\u043b\\u044b\\u0439", "engine_number": "2030062", "working_volume": "1598.0", "power": "88.24/120.0", "vehicle_type": "\\u041b\\u0435\\u0433\\u043a\\u043e\\u0432\\u044b\\u0435 \\u0430\\u0432\\u0442\\u043e\\u043c\\u043e\\u0431\\u0438\\u043b\\u0438 \\u0441\\u0435\\u0434\\u0430\\u043d", "periods_of_vehicle_ownership": ["c 08.07.2014 \\u043f\\u043e 04.08.2016: \\u042e\\u0440\\u0438\\u0434\\u0438\\u0447\\u0435\\u0441\\u043a\\u043e\\u0435 \\u043b\\u0438\\u0446\\u043e", "c 04.08.2016 \\u043f\\u043e 15.01.2022: \\u0424\\u0438\\u0437\\u0438\\u0447\\u0435\\u0441\\u043a\\u043e\\u0435 \\u043b\\u0438\\u0446\\u043e", "c 15.01.2022 \\u043f\\u043e \\u043d\\u0430\\u0441\\u0442\\u043e\\u044f\\u0449\\u0435\\u0435 \\u0432\\u0440\\u0435\\u043c\\u044f: \\u0424\\u0438\\u0437\\u0438\\u0447\\u0435\\u0441\\u043a\\u043e\\u0435 \\u043b\\u0438\\u0446\\u043e"], "last_operation": "\\u041f\\u043e\\u0441\\u043b\\u0435\\u0434\\u043d\\u044f\\u044f \\u043e\\u043f\\u0435\\u0440\\u0430\\u0446\\u0438\\u044f - \\u0438\\u0437\\u043c\\u0435\\u043d\\u0435\\u043d\\u0438\\u0435 \\u0441\\u043e\\u0431\\u0441\\u0442\\u0432\\u0435\\u043d\\u043d\\u0438\\u043a\\u0430 (\\u0432\\u043b\\u0430\\u0434\\u0435\\u043b\\u044c\\u0446\\u0430)"}}}, "id": "03acedb3e8b2f91fce0d4043e9b0ff0e"}'
2022-04-14 14:45:55.390 | INFO     | api_lib.sync_api:on_request2:126 - Сообщение отправлено в очередь kaaprogr
2022-04-14 14:45:55.764 | INFO     | parsers:_get_tracing_history:588 - [TRACING-DATA] Поднятие ошибки NoSuchElementException
2022-04-14 14:45:56.275 | INFO     | parsers:_get_tracing_history:607 - [TRACING-DATA] Элемент не найден, итерация: 5
2022-04-14 14:45:56.605 | INFO     | parsers:_get_tracing_history:588 - [TRACING-DATA] Поднятие ошибки NoSuchElementException
2022-04-14 14:45:56.611 | INFO     | parsers:_get_tracing_history:594 - [TRACING-DATA]: Результат -  По указанному VIN (номер кузова или шасси) не найдена информация о розыске транспортного средства.
2022-04-14 14:45:56.611 | INFO     | __main__:check_info:47 -  [Server] response(({'wanted_history': 'По указанному VIN (номер кузова или шасси) не найдена информация о розыске транспортного средства.'}, True)) WORKER_UUID=UUID('00a8bb22-c347-4e5d-b81f-3ab1508a6d50')
2022-04-14 14:45:56.874 | INFO     | __main__:check_info:49 -  [Server] cleaned page! WORKER_UUID=UUID('00a8bb22-c347-4e5d-b81f-3ab1508a6d50')
2022-04-14 14:45:56.874 | INFO     | api_lib.sync_api:on_request2:117 - [Message] Конец обработки сообщения out='{"response_id": "50e85a5ca025ec32a7bbaa9739591b19", "service_callback": "KAAPROGR", "method": null, "message": {"result": true, "response": {"wanted_history": "\\u041f\\u043e \\u0443\\u043a\\u0430\\u0437\\u0430\\u043d\\u043d\\u043e\\u043c\\u0443 VIN (\\u043d\\u043e\\u043c\\u0435\\u0440 \\u043a\\u0443\\u0437\\u043e\\u0432\\u0430 \\u0438\\u043b\\u0438 \\u0448\\u0430\\u0441\\u0441\\u0438) \\u043d\\u0435 \\u043d\\u0430\\u0439\\u0434\\u0435\\u043d\\u0430 \\u0438\\u043d\\u0444\\u043e\\u0440\\u043c\\u0430\\u0446\\u0438\\u044f \\u043e \\u0440\\u043e\\u0437\\u044b\\u0441\\u043a\\u0435 \\u0442\\u0440\\u0430\\u043d\\u0441\\u043f\\u043e\\u0440\\u0442\\u043d\\u043e\\u0433\\u043e \\u0441\\u0440\\u0435\\u0434\\u0441\\u0442\\u0432\\u0430."}}, "id": "d7dbd45caf127a4538f4bd562e9f1d58"}'
2022-04-14 14:45:56.875 | INFO     | api_lib.sync_api:on_request2:126 - Сообщение отправлено в очередь kaaprogr
2022-04-14 14:47:23.799 | INFO     | parsers:exit_gracefully:76 - [EXIT] Kill self.WORKER_UUID=UUID('a6199327-c9da-42bb-b6da-318bf1ea7995')
2022-04-14 14:47:23.799 | INFO     | parsers:exit_gracefully:76 - [EXIT] Kill self.WORKER_UUID=UUID('00a8bb22-c347-4e5d-b81f-3ab1508a6d50')
2022-04-14 15:10:06.205 | INFO     | __main__:<module>:55 - [INIT] Начало инициализации парсера WORKER_UUID=UUID('5f422dfe-548d-4d55-bf13-ae73acab5be5')
2022-04-14 15:10:06.205 | INFO     | __main__:<module>:55 - [INIT] Начало инициализации парсера WORKER_UUID=UUID('e2ce9e6c-8b1d-4769-b361-1fe29dcdc145')
2022-04-14 15:10:16.341 | INFO     | parsers:save_or_load_cookies:105 - [SOLC] Загружаем куки с /home/kolchanovaa/Рабочий стол/parsers/parsers_gibdd_rabbitMQ/utils/cookies_info_parser.pkl
2022-04-14 15:10:16.490 | INFO     | parsers:__init__:82 - [INIT] Screen path='/home/kolchanovaa/Рабочий стол/parsers/parsers_gibdd_rabbitMQ/utils/5f422dfe-548d-4d55-bf13-ae73acab5be5'
2022-04-14 15:10:16.491 | INFO     | __main__:<module>:58 - [INIT] Конец инициализации парсера WORKER_UUID=UUID('5f422dfe-548d-4d55-bf13-ae73acab5be5')
2022-04-14 15:10:18.845 | INFO     | parsers:save_or_load_cookies:105 - [SOLC] Загружаем куки с /home/kolchanovaa/Рабочий стол/parsers/parsers_gibdd_rabbitMQ/utils/cookies_info_parser.pkl
2022-04-14 15:10:18.985 | INFO     | parsers:__init__:82 - [INIT] Screen path='/home/kolchanovaa/Рабочий стол/parsers/parsers_gibdd_rabbitMQ/utils/e2ce9e6c-8b1d-4769-b361-1fe29dcdc145'
2022-04-14 15:10:18.985 | INFO     | __main__:<module>:58 - [INIT] Конец инициализации парсера WORKER_UUID=UUID('e2ce9e6c-8b1d-4769-b361-1fe29dcdc145')
2022-04-14 15:10:25.938 | INFO     | parsers:exit_gracefully:59 - [EXIT] Kill self.WORKER_UUID=UUID('5f422dfe-548d-4d55-bf13-ae73acab5be5')
2022-04-14 15:10:25.938 | INFO     | parsers:exit_gracefully:59 - [EXIT] Kill self.WORKER_UUID=UUID('e2ce9e6c-8b1d-4769-b361-1fe29dcdc145')
2022-04-14 15:11:35.715 | INFO     | __main__:<module>:55 - [INIT] Начало инициализации парсера WORKER_UUID=UUID('fe1fa48a-2aaf-4b24-8d97-7039357cdc7a')
2022-04-14 15:11:35.715 | INFO     | __main__:<module>:55 - [INIT] Начало инициализации парсера WORKER_UUID=UUID('08789cf1-cba9-48d0-9159-c231139a88af')
2022-04-14 15:11:42.908 | INFO     | parsers:save_or_load_cookies:105 - [SOLC] Загружаем куки с /home/kolchanovaa/Рабочий стол/parsers/parsers_gibdd_rabbitMQ/utils/cookies_info_parser.pkl
2022-04-14 15:11:43.056 | INFO     | parsers:__init__:82 - [INIT] Screen path='/home/kolchanovaa/Рабочий стол/parsers/parsers_gibdd_rabbitMQ/utils/fe1fa48a-2aaf-4b24-8d97-7039357cdc7a'
2022-04-14 15:11:43.056 | INFO     | __main__:<module>:58 - [INIT] Конец инициализации парсера WORKER_UUID=UUID('fe1fa48a-2aaf-4b24-8d97-7039357cdc7a')
2022-04-14 15:11:50.368 | INFO     | parsers:save_or_load_cookies:105 - [SOLC] Загружаем куки с /home/kolchanovaa/Рабочий стол/parsers/parsers_gibdd_rabbitMQ/utils/cookies_info_parser.pkl
2022-04-14 15:11:50.508 | INFO     | parsers:__init__:82 - [INIT] Screen path='/home/kolchanovaa/Рабочий стол/parsers/parsers_gibdd_rabbitMQ/utils/08789cf1-cba9-48d0-9159-c231139a88af'
2022-04-14 15:11:50.509 | INFO     | __main__:<module>:58 - [INIT] Конец инициализации парсера WORKER_UUID=UUID('08789cf1-cba9-48d0-9159-c231139a88af')
2022-04-14 15:11:52.388 | INFO     | parsers:exit_gracefully:59 - [EXIT] Kill self.WORKER_UUID=UUID('fe1fa48a-2aaf-4b24-8d97-7039357cdc7a')
2022-04-14 15:11:52.388 | INFO     | parsers:exit_gracefully:59 - [EXIT] Kill self.WORKER_UUID=UUID('08789cf1-cba9-48d0-9159-c231139a88af')
2022-04-14 15:13:24.833 | INFO     | __main__:<module>:55 - [INIT] Начало инициализации парсера WORKER_UUID=UUID('9f312aa9-4973-4da9-8470-023845d86016')
2022-04-14 15:13:24.833 | INFO     | __main__:<module>:55 - [INIT] Начало инициализации парсера WORKER_UUID=UUID('9c41bdea-7cf2-4643-920e-0cb9bbba999a')
2022-04-14 15:13:29.449 | INFO     | parsers:exit_gracefully:59 - [EXIT] Kill self.WORKER_UUID=UUID('9f312aa9-4973-4da9-8470-023845d86016')
2022-04-14 15:13:29.449 | INFO     | parsers:exit_gracefully:59 - [EXIT] Kill self.WORKER_UUID=UUID('9c41bdea-7cf2-4643-920e-0cb9bbba999a')
2022-04-14 15:13:49.993 | INFO     | __main__:<module>:66 - [INIT] Начало инициализации парсера WORKER_UUID=UUID('16d6fe10-c41f-48c1-b6a4-ee8cea4fd78a')
2022-04-14 15:13:49.993 | INFO     | __main__:<module>:66 - [INIT] Начало инициализации парсера WORKER_UUID=UUID('6276cee1-51ca-43be-8d22-946c48aad0f1')
2022-04-14 15:13:58.174 | INFO     | penalty_parser:__init__:76 - [INIT] END self.parses_uuid=UUID('6276cee1-51ca-43be-8d22-946c48aad0f1')
2022-04-14 15:13:58.330 | INFO     | penalty_parser:__init__:84 - [INIT] Screen path='/home/kolchanovaa/Рабочий стол/parsers/parsers_gibdd_rabbitMQ/utils/Screenshots/6276cee1-51ca-43be-8d22-946c48aad0f1'
2022-04-14 15:14:20.766 | INFO     | penalty_parser:__init__:76 - [INIT] END self.parses_uuid=UUID('16d6fe10-c41f-48c1-b6a4-ee8cea4fd78a')
2022-04-14 15:14:20.922 | INFO     | penalty_parser:__init__:84 - [INIT] Screen path='/home/kolchanovaa/Рабочий стол/parsers/parsers_gibdd_rabbitMQ/utils/Screenshots/16d6fe10-c41f-48c1-b6a4-ee8cea4fd78a'
2022-04-14 15:14:29.095 | INFO     | api_lib.sync_api:on_request2:99 - [SER] Серилизован data={'gov_number': 'К242УТ159', 'sts': '5959525499', 'id': 'f654efc4ca5e27a44025f3a8697f2746', 'service_callback': 'KAAPROGR', 'method': 'penalty', 'method_callback': 'APIМетоды.ОбработатьРезультатПарсингаПроверок'}
2022-04-14 15:14:29.096 | INFO     | api_lib.sync_api:on_request2:111 - [Message] Начало обработки сообщения
2022-04-14 15:14:29.096 | INFO     | __main__:fines_parse:50 -  [OR] body({'gov_number': 'К242УТ159', 'sts': '5959525499'}) WORKER_UUID=UUID('6276cee1-51ca-43be-8d22-946c48aad0f1')
2022-04-14 15:14:29.099 | INFO     | __main__:parse:25 - [INIT] Запрос gov_number='К242УТ159' sts='5959525499' WORKER_UUID=UUID('6276cee1-51ca-43be-8d22-946c48aad0f1')
2022-04-14 15:14:29.099 | INFO     | penalty_parser:parse_data:203 - [INIT] GOV_NUM: К242УТ159, STS: 5959525499 self.parses_uuid=UUID('6276cee1-51ca-43be-8d22-946c48aad0f1')
2022-04-14 15:14:29.099 | INFO     | penalty_parser:__input_values_and_click_button:150 - [IC] Ввод полей
2022-04-14 15:14:29.100 | INFO     | penalty_parser:__input_values_and_click_button:153 - [IC] Поле гос. номера self.parses_uuid=UUID('6276cee1-51ca-43be-8d22-946c48aad0f1')
2022-04-14 15:14:29.192 | INFO     | penalty_parser:__input_values_and_click_button:173 - [IC] Поле региона self.parses_uuid=UUID('6276cee1-51ca-43be-8d22-946c48aad0f1')
2022-04-14 15:14:29.206 | INFO     | penalty_parser:__input_values_and_click_button:180 - [IC] Поле свидетельства о регистрации self.parses_uuid=UUID('6276cee1-51ca-43be-8d22-946c48aad0f1')
2022-04-14 15:14:29.222 | INFO     | penalty_parser:__input_values_and_click_button:187 - [IC] Нажатие на кнопку поиска self.parses_uuid=UUID('6276cee1-51ca-43be-8d22-946c48aad0f1')
2022-04-14 15:14:29.335 | INFO     | penalty_parser:__input_values_and_click_button:195 - [IC] Найдена кнопка поиска <selenium.webdriver.remote.webelement.WebElement (session="493343c9-3676-4633-b292-c0d6abafd5c7", element="549e3b1e-df27-4c5d-880f-dc10c77f3213")>
2022-04-14 15:14:29.646 | INFO     | penalty_parser:__parse_result:91 - [PR] Начало парсинга результата
2022-04-14 15:14:39.843 | INFO     | penalty_parser:__parse_result:134 - [PR] Таймаут парсинга результата
2022-04-14 15:14:39.949 | ERROR    | __main__:parse:36 - [ERROR] timeout
2022-04-14 15:14:39.949 | INFO     | __main__:fines_parse:57 -  [Server] response(({'error': 'Превышено время ожидания ответа. Повторите попытку позже'}, False)) WORKER_UUID=UUID('6276cee1-51ca-43be-8d22-946c48aad0f1')
2022-04-14 15:14:40.287 | INFO     | __main__:fines_parse:59 -  [Server] cleaned page! WORKER_UUID=UUID('6276cee1-51ca-43be-8d22-946c48aad0f1')
2022-04-14 15:14:40.287 | INFO     | api_lib.sync_api:on_request2:117 - [Message] Конец обработки сообщения out='{"response_id": "f654efc4ca5e27a44025f3a8697f2746", "service_callback": "KAAPROGR", "method": null, "message": {"result": false, "response": {"error": "\\u041f\\u0440\\u0435\\u0432\\u044b\\u0448\\u0435\\u043d\\u043e \\u0432\\u0440\\u0435\\u043c\\u044f \\u043e\\u0436\\u0438\\u0434\\u0430\\u043d\\u0438\\u044f \\u043e\\u0442\\u0432\\u0435\\u0442\\u0430. \\u041f\\u043e\\u0432\\u0442\\u043e\\u0440\\u0438\\u0442\\u0435 \\u043f\\u043e\\u043f\\u044b\\u0442\\u043a\\u0443 \\u043f\\u043e\\u0437\\u0436\\u0435"}}, "id": "8edbfa83c6f2df5bdb5286be89bd8f12"}'
2022-04-14 15:14:40.288 | INFO     | api_lib.sync_api:on_request2:126 - Сообщение отправлено в очередь kaaprogr
2022-04-14 15:14:51.376 | INFO     | api_lib.sync_api:on_request2:99 - [SER] Серилизован data={'gov_number': 'К242УТ159', 'sts': '5959525499', 'id': 'f654efc4ca5e27a44025f3a8697f2746', 'service_callback': 'KAAPROGR', 'method': 'penalty', 'method_callback': 'APIМетоды.ОбработатьРезультатПарсингаПроверок'}
2022-04-14 15:14:51.377 | INFO     | api_lib.sync_api:on_request2:111 - [Message] Начало обработки сообщения
2022-04-14 15:14:51.377 | INFO     | __main__:fines_parse:50 -  [OR] body({'gov_number': 'К242УТ159', 'sts': '5959525499'}) WORKER_UUID=UUID('16d6fe10-c41f-48c1-b6a4-ee8cea4fd78a')
2022-04-14 15:14:51.379 | INFO     | __main__:parse:25 - [INIT] Запрос gov_number='К242УТ159' sts='5959525499' WORKER_UUID=UUID('16d6fe10-c41f-48c1-b6a4-ee8cea4fd78a')
2022-04-14 15:14:51.380 | INFO     | penalty_parser:parse_data:203 - [INIT] GOV_NUM: К242УТ159, STS: 5959525499 self.parses_uuid=UUID('16d6fe10-c41f-48c1-b6a4-ee8cea4fd78a')
2022-04-14 15:14:51.380 | INFO     | penalty_parser:__input_values_and_click_button:150 - [IC] Ввод полей
2022-04-14 15:14:51.380 | INFO     | penalty_parser:__input_values_and_click_button:153 - [IC] Поле гос. номера self.parses_uuid=UUID('16d6fe10-c41f-48c1-b6a4-ee8cea4fd78a')
2022-04-14 15:14:51.431 | INFO     | penalty_parser:__input_values_and_click_button:173 - [IC] Поле региона self.parses_uuid=UUID('16d6fe10-c41f-48c1-b6a4-ee8cea4fd78a')
2022-04-14 15:14:51.444 | INFO     | penalty_parser:__input_values_and_click_button:180 - [IC] Поле свидетельства о регистрации self.parses_uuid=UUID('16d6fe10-c41f-48c1-b6a4-ee8cea4fd78a')
2022-04-14 15:14:51.464 | INFO     | penalty_parser:__input_values_and_click_button:187 - [IC] Нажатие на кнопку поиска self.parses_uuid=UUID('16d6fe10-c41f-48c1-b6a4-ee8cea4fd78a')
2022-04-14 15:14:51.553 | INFO     | penalty_parser:__input_values_and_click_button:195 - [IC] Найдена кнопка поиска <selenium.webdriver.remote.webelement.WebElement (session="5697420b-de21-4936-b77a-482d123b5950", element="57866aae-f643-4581-a824-43d3791c4faf")>
2022-04-14 15:14:51.859 | INFO     | penalty_parser:__parse_result:91 - [PR] Начало парсинга результата
2022-04-14 15:15:02.040 | INFO     | penalty_parser:__parse_result:134 - [PR] Таймаут парсинга результата
2022-04-14 15:15:02.151 | ERROR    | __main__:parse:36 - [ERROR] timeout
2022-04-14 15:15:02.151 | INFO     | __main__:fines_parse:57 -  [Server] response(({'error': 'Превышено время ожидания ответа. Повторите попытку позже'}, False)) WORKER_UUID=UUID('16d6fe10-c41f-48c1-b6a4-ee8cea4fd78a')
2022-04-14 15:15:02.432 | INFO     | __main__:fines_parse:59 -  [Server] cleaned page! WORKER_UUID=UUID('16d6fe10-c41f-48c1-b6a4-ee8cea4fd78a')
2022-04-14 15:15:02.433 | INFO     | api_lib.sync_api:on_request2:117 - [Message] Конец обработки сообщения out='{"response_id": "f654efc4ca5e27a44025f3a8697f2746", "service_callback": "KAAPROGR", "method": null, "message": {"result": false, "response": {"error": "\\u041f\\u0440\\u0435\\u0432\\u044b\\u0448\\u0435\\u043d\\u043e \\u0432\\u0440\\u0435\\u043c\\u044f \\u043e\\u0436\\u0438\\u0434\\u0430\\u043d\\u0438\\u044f \\u043e\\u0442\\u0432\\u0435\\u0442\\u0430. \\u041f\\u043e\\u0432\\u0442\\u043e\\u0440\\u0438\\u0442\\u0435 \\u043f\\u043e\\u043f\\u044b\\u0442\\u043a\\u0443 \\u043f\\u043e\\u0437\\u0436\\u0435"}}, "id": "8edbfa83c6f2df5bdb5286be89bd8f12"}'
2022-04-14 15:15:02.433 | INFO     | api_lib.sync_api:on_request2:126 - Сообщение отправлено в очередь kaaprogr
2022-04-14 15:17:07.360 | INFO     | api_lib.sync_api:on_request2:99 - [SER] Серилизован data={'gov_number': 'К242УТ159', 'sts': '5959525499', 'id': 'f654efc4ca5e27a44025f3a8697f2746', 'service_callback': 'KAAPROGR', 'method': 'penalty', 'method_callback': 'APIМетоды.ОбработатьРезультатПарсингаПроверок'}
2022-04-14 15:17:07.360 | INFO     | api_lib.sync_api:on_request2:111 - [Message] Начало обработки сообщения
2022-04-14 15:17:07.361 | INFO     | __main__:fines_parse:50 -  [OR] body({'gov_number': 'К242УТ159', 'sts': '5959525499'}) WORKER_UUID=UUID('6276cee1-51ca-43be-8d22-946c48aad0f1')
2022-04-14 15:17:07.361 | INFO     | __main__:parse:25 - [INIT] Запрос gov_number='К242УТ159' sts='5959525499' WORKER_UUID=UUID('6276cee1-51ca-43be-8d22-946c48aad0f1')
2022-04-14 15:17:07.361 | INFO     | penalty_parser:parse_data:203 - [INIT] GOV_NUM: К242УТ159, STS: 5959525499 self.parses_uuid=UUID('6276cee1-51ca-43be-8d22-946c48aad0f1')
2022-04-14 15:17:07.361 | INFO     | penalty_parser:__input_values_and_click_button:150 - [IC] Ввод полей
2022-04-14 15:17:07.362 | INFO     | penalty_parser:__input_values_and_click_button:153 - [IC] Поле гос. номера self.parses_uuid=UUID('6276cee1-51ca-43be-8d22-946c48aad0f1')
2022-04-14 15:17:07.415 | INFO     | penalty_parser:__input_values_and_click_button:173 - [IC] Поле региона self.parses_uuid=UUID('6276cee1-51ca-43be-8d22-946c48aad0f1')
2022-04-14 15:17:07.431 | INFO     | penalty_parser:__input_values_and_click_button:180 - [IC] Поле свидетельства о регистрации self.parses_uuid=UUID('6276cee1-51ca-43be-8d22-946c48aad0f1')
2022-04-14 15:17:07.449 | INFO     | penalty_parser:__input_values_and_click_button:187 - [IC] Нажатие на кнопку поиска self.parses_uuid=UUID('6276cee1-51ca-43be-8d22-946c48aad0f1')
2022-04-14 15:17:07.609 | INFO     | penalty_parser:__input_values_and_click_button:195 - [IC] Найдена кнопка поиска <selenium.webdriver.remote.webelement.WebElement (session="493343c9-3676-4633-b292-c0d6abafd5c7", element="3927445b-5cc3-4a65-a372-43db7daaefe0")>
2022-04-14 15:17:07.915 | INFO     | penalty_parser:__parse_result:91 - [PR] Начало парсинга результата
2022-04-14 15:17:13.018 | INFO     | penalty_parser:__parse_result:102 - [PR] Найдены штрафы
/home/kolchanovaa/Рабочий стол/parsers/parsers_gibdd_rabbitMQ/venv/lib/python3.8/site-packages/selenium/webdriver/remote/webelement.py:359: UserWarning: find_elements_by_tag_name is deprecated. Please use find_elements(by=By.TAG_NAME, value=name) instead
  warnings.warn("find_elements_by_tag_name is deprecated. Please use find_elements(by=By.TAG_NAME, value=name) instead")
2022-04-14 15:17:13.093 | INFO     | penalty_parser:__parse_result:116 - [PR] Найдены данные Дата и время нарушения::14.10.2020 в 02:50
2022-04-14 15:17:13.117 | INFO     | penalty_parser:__parse_result:116 - [PR] Найдены данные Статья КоАП РФ::12.19 ч.3 - остановка или стоянка транспортных средств на пешеходном переходе и ближе 5 метров перед ним, за исключением вынужденной остановки и случая, предусмотренного частью 6 статьи 12.19 КоАП РФ, либо нарушение правил остановки или стоянки транспортных средств на тротуаре, за исключением случая, предусмотренного частью 6 статьи 12.19 коап рф
2022-04-14 15:17:13.144 | INFO     | penalty_parser:__parse_result:116 - [PR] Найдены данные Подразделение ГИБДД::Полк ДПС ГИБДД УМВД России по городу Перми
2022-04-14 15:17:13.171 | INFO     | penalty_parser:__parse_result:116 - [PR] Найдены данные Постановление::18810059190002564839 от 14.10.2020
2022-04-14 15:17:13.193 | INFO     | penalty_parser:__parse_result:116 - [PR] Найдены данные Сумма штрафа::1000 руб.
2022-04-14 15:17:13.201 | INFO     | penalty_parser:__parse_result:121 - [PR] Конец парсинга
2022-04-14 15:17:13.201 | INFO     | penalty_parser:parse_data:211 - [PD] Конец парсинга. Возврат значения result=[[{'name': 'Дата и время нарушения:', 'value': '14.10.2020 в 02:50'}, {'name': 'Статья КоАП РФ:', 'value': '12.19 ч.3 - остановка или стоянка транспортных средств на пешеходном переходе и ближе 5 метров перед ним, за исключением вынужденной остановки и случая, предусмотренного частью 6 статьи 12.19 КоАП РФ, либо нарушение правил остановки или стоянки транспортных средств на тротуаре, за исключением случая, предусмотренного частью 6 статьи 12.19 коап рф'}, {'name': 'Подразделение ГИБДД:', 'value': 'Полк ДПС ГИБДД УМВД России по городу Перми'}, {'name': 'Постановление:', 'value': '18810059190002564839 от 14.10.2020'}, {'name': 'Сумма штрафа:', 'value': '1000 руб.'}]]
2022-04-14 15:17:13.256 | INFO     | __main__:fines_parse:57 -  [Server] response(([[{'name': 'Дата и время нарушения:', 'value': '14.10.2020 в 02:50'}, {'name': 'Статья КоАП РФ:', 'value': '12.19 ч.3 - остановка или стоянка транспортных средств на пешеходном переходе и ближе 5 метров перед ним, за исключением вынужденной остановки и случая, предусмотренного частью 6 статьи 12.19 КоАП РФ, либо нарушение правил остановки или стоянки транспортных средств на тротуаре, за исключением случая, предусмотренного частью 6 статьи 12.19 коап рф'}, {'name': 'Подразделение ГИБДД:', 'value': 'Полк ДПС ГИБДД УМВД России по городу Перми'}, {'name': 'Постановление:', 'value': '18810059190002564839 от 14.10.2020'}, {'name': 'Сумма штрафа:', 'value': '1000 руб.'}]], True)) WORKER_UUID=UUID('6276cee1-51ca-43be-8d22-946c48aad0f1')
2022-04-14 15:17:13.452 | INFO     | __main__:fines_parse:59 -  [Server] cleaned page! WORKER_UUID=UUID('6276cee1-51ca-43be-8d22-946c48aad0f1')
2022-04-14 15:17:13.452 | INFO     | api_lib.sync_api:on_request2:117 - [Message] Конец обработки сообщения out='{"response_id": "f654efc4ca5e27a44025f3a8697f2746", "service_callback": "KAAPROGR", "method": null, "message": {"result": true, "response": [[{"name": "\\u0414\\u0430\\u0442\\u0430 \\u0438 \\u0432\\u0440\\u0435\\u043c\\u044f \\u043d\\u0430\\u0440\\u0443\\u0448\\u0435\\u043d\\u0438\\u044f:", "value": "14.10.2020 \\u0432 02:50"}, {"name": "\\u0421\\u0442\\u0430\\u0442\\u044c\\u044f \\u041a\\u043e\\u0410\\u041f \\u0420\\u0424:", "value": "12.19 \\u0447.3 - \\u043e\\u0441\\u0442\\u0430\\u043d\\u043e\\u0432\\u043a\\u0430 \\u0438\\u043b\\u0438 \\u0441\\u0442\\u043e\\u044f\\u043d\\u043a\\u0430 \\u0442\\u0440\\u0430\\u043d\\u0441\\u043f\\u043e\\u0440\\u0442\\u043d\\u044b\\u0445 \\u0441\\u0440\\u0435\\u0434\\u0441\\u0442\\u0432 \\u043d\\u0430 \\u043f\\u0435\\u0448\\u0435\\u0445\\u043e\\u0434\\u043d\\u043e\\u043c \\u043f\\u0435\\u0440\\u0435\\u0445\\u043e\\u0434\\u0435 \\u0438 \\u0431\\u043b\\u0438\\u0436\\u0435 5 \\u043c\\u0435\\u0442\\u0440\\u043e\\u0432 \\u043f\\u0435\\u0440\\u0435\\u0434 \\u043d\\u0438\\u043c, \\u0437\\u0430 \\u0438\\u0441\\u043a\\u043b\\u044e\\u0447\\u0435\\u043d\\u0438\\u0435\\u043c \\u0432\\u044b\\u043d\\u0443\\u0436\\u0434\\u0435\\u043d\\u043d\\u043e\\u0439 \\u043e\\u0441\\u0442\\u0430\\u043d\\u043e\\u0432\\u043a\\u0438 \\u0438 \\u0441\\u043b\\u0443\\u0447\\u0430\\u044f, \\u043f\\u0440\\u0435\\u0434\\u0443\\u0441\\u043c\\u043e\\u0442\\u0440\\u0435\\u043d\\u043d\\u043e\\u0433\\u043e \\u0447\\u0430\\u0441\\u0442\\u044c\\u044e 6 \\u0441\\u0442\\u0430\\u0442\\u044c\\u0438 12.19 \\u041a\\u043e\\u0410\\u041f \\u0420\\u0424, \\u043b\\u0438\\u0431\\u043e \\u043d\\u0430\\u0440\\u0443\\u0448\\u0435\\u043d\\u0438\\u0435 \\u043f\\u0440\\u0430\\u0432\\u0438\\u043b \\u043e\\u0441\\u0442\\u0430\\u043d\\u043e\\u0432\\u043a\\u0438 \\u0438\\u043b\\u0438 \\u0441\\u0442\\u043e\\u044f\\u043d\\u043a\\u0438 \\u0442\\u0440\\u0430\\u043d\\u0441\\u043f\\u043e\\u0440\\u0442\\u043d\\u044b\\u0445 \\u0441\\u0440\\u0435\\u0434\\u0441\\u0442\\u0432 \\u043d\\u0430 \\u0442\\u0440\\u043e\\u0442\\u0443\\u0430\\u0440\\u0435, \\u0437\\u0430 \\u0438\\u0441\\u043a\\u043b\\u044e\\u0447\\u0435\\u043d\\u0438\\u0435\\u043c \\u0441\\u043b\\u0443\\u0447\\u0430\\u044f, \\u043f\\u0440\\u0435\\u0434\\u0443\\u0441\\u043c\\u043e\\u0442\\u0440\\u0435\\u043d\\u043d\\u043e\\u0433\\u043e \\u0447\\u0430\\u0441\\u0442\\u044c\\u044e 6 \\u0441\\u0442\\u0430\\u0442\\u044c\\u0438 12.19 \\u043a\\u043e\\u0430\\u043f \\u0440\\u0444"}, {"name": "\\u041f\\u043e\\u0434\\u0440\\u0430\\u0437\\u0434\\u0435\\u043b\\u0435\\u043d\\u0438\\u0435 \\u0413\\u0418\\u0411\\u0414\\u0414:", "value": "\\u041f\\u043e\\u043b\\u043a \\u0414\\u041f\\u0421 \\u0413\\u0418\\u0411\\u0414\\u0414 \\u0423\\u041c\\u0412\\u0414 \\u0420\\u043e\\u0441\\u0441\\u0438\\u0438 \\u043f\\u043e \\u0433\\u043e\\u0440\\u043e\\u0434\\u0443 \\u041f\\u0435\\u0440\\u043c\\u0438"}, {"name": "\\u041f\\u043e\\u0441\\u0442\\u0430\\u043d\\u043e\\u0432\\u043b\\u0435\\u043d\\u0438\\u0435:", "value": "18810059190002564839 \\u043e\\u0442 14.10.2020"}, {"name": "\\u0421\\u0443\\u043c\\u043c\\u0430 \\u0448\\u0442\\u0440\\u0430\\u0444\\u0430:", "value": "1000 \\u0440\\u0443\\u0431."}]]}, "id": "6360178d91100f6a84859524770ab2ad"}'
2022-04-14 15:17:13.452 | INFO     | api_lib.sync_api:on_request2:126 - Сообщение отправлено в очередь kaaprogr
2022-04-14 15:49:17.933 | INFO     | api_lib.sync_api:on_request2:99 - [SER] Серилизован data={'gov_number': 'С931РВ123', 'sts': '2335884520', 'id': '9963536531d892540332d413a5e30c76', 'service_callback': 'KAAPROGR', 'method': 'penalty', 'method_callback': 'APIМетоды.ОбработатьРезультатПарсингаПроверок'}
2022-04-14 15:49:17.933 | INFO     | api_lib.sync_api:on_request2:111 - [Message] Начало обработки сообщения
2022-04-14 15:49:17.934 | INFO     | __main__:fines_parse:50 -  [OR] body({'gov_number': 'С931РВ123', 'sts': '2335884520'}) WORKER_UUID=UUID('16d6fe10-c41f-48c1-b6a4-ee8cea4fd78a')
2022-04-14 15:49:17.934 | INFO     | __main__:parse:25 - [INIT] Запрос gov_number='С931РВ123' sts='2335884520' WORKER_UUID=UUID('16d6fe10-c41f-48c1-b6a4-ee8cea4fd78a')
2022-04-14 15:49:17.935 | INFO     | penalty_parser:parse_data:203 - [INIT] GOV_NUM: С931РВ123, STS: 2335884520 self.parses_uuid=UUID('16d6fe10-c41f-48c1-b6a4-ee8cea4fd78a')
2022-04-14 15:49:17.935 | INFO     | penalty_parser:__input_values_and_click_button:150 - [IC] Ввод полей
2022-04-14 15:49:17.935 | INFO     | penalty_parser:__input_values_and_click_button:153 - [IC] Поле гос. номера self.parses_uuid=UUID('16d6fe10-c41f-48c1-b6a4-ee8cea4fd78a')
2022-04-14 15:49:17.987 | INFO     | penalty_parser:__input_values_and_click_button:173 - [IC] Поле региона self.parses_uuid=UUID('16d6fe10-c41f-48c1-b6a4-ee8cea4fd78a')
2022-04-14 15:49:18.003 | INFO     | penalty_parser:__input_values_and_click_button:180 - [IC] Поле свидетельства о регистрации self.parses_uuid=UUID('16d6fe10-c41f-48c1-b6a4-ee8cea4fd78a')
2022-04-14 15:49:18.018 | INFO     | penalty_parser:__input_values_and_click_button:187 - [IC] Нажатие на кнопку поиска self.parses_uuid=UUID('16d6fe10-c41f-48c1-b6a4-ee8cea4fd78a')
2022-04-14 15:49:18.088 | INFO     | penalty_parser:__input_values_and_click_button:195 - [IC] Найдена кнопка поиска <selenium.webdriver.remote.webelement.WebElement (session="5697420b-de21-4936-b77a-482d123b5950", element="c3d579b8-9f30-43ed-af10-e7d2b13d271b")>
2022-04-14 15:49:18.392 | INFO     | penalty_parser:__parse_result:91 - [PR] Начало парсинга результата
2022-04-14 15:49:27.561 | INFO     | penalty_parser:__parse_result:102 - [PR] Найдены штрафы
/home/kolchanovaa/Рабочий стол/parsers/parsers_gibdd_rabbitMQ/venv/lib/python3.8/site-packages/selenium/webdriver/remote/webelement.py:359: UserWarning: find_elements_by_tag_name is deprecated. Please use find_elements(by=By.TAG_NAME, value=name) instead
  warnings.warn("find_elements_by_tag_name is deprecated. Please use find_elements(by=By.TAG_NAME, value=name) instead")
2022-04-14 15:49:27.629 | INFO     | penalty_parser:__parse_result:116 - [PR] Найдены данные Дата и время нарушения::26.08.2018 в 23:30
2022-04-14 15:49:27.656 | INFO     | penalty_parser:__parse_result:116 - [PR] Найдены данные Статья КоАП РФ::12.26 ч.1 - невыполнение водителем законного требования сотрудника полиции о прохождении медицинского освидетельствования на состояние опьянения
2022-04-14 15:49:27.699 | INFO     | penalty_parser:__parse_result:116 - [PR] Найдены данные Подразделение ГИБДД::ОГИБДД и ДПС ОМВД России по г. Анапе
2022-04-14 15:49:27.727 | INFO     | penalty_parser:__parse_result:116 - [PR] Найдены данные Постановление::18810423180170013454 от 18.09.2018
2022-04-14 15:49:27.749 | INFO     | penalty_parser:__parse_result:116 - [PR] Найдены данные Сумма штрафа::30000 руб.
2022-04-14 15:49:27.799 | INFO     | penalty_parser:__parse_result:116 - [PR] Найдены данные Дата и время нарушения::20.03.2022 в 17:46
2022-04-14 15:49:27.825 | INFO     | penalty_parser:__parse_result:116 - [PR] Найдены данные Статья КоАП РФ::12.9 ч.2 - превышение установленной скорости движения транспортного средства на величину более 20, но не более 40 км/ч
2022-04-14 15:49:27.869 | INFO     | penalty_parser:__parse_result:116 - [PR] Найдены данные Подразделение ГИБДД::ЦАФАПОДД ГИБДД (дислокация г. Краснодар) ГУ МВД России по Краснодарскому краю
2022-04-14 15:49:27.900 | INFO     | penalty_parser:__parse_result:116 - [PR] Найдены данные Постановление::18810523220404075459 от 04.04.2022
2022-04-14 15:49:27.947 | INFO     | penalty_parser:__parse_result:116 - [PR] Найдены данные Сумма штрафа::500 руб.
до 25.04.2022 скидка 250 руб.
2022-04-14 15:49:27.959 | INFO     | penalty_parser:__parse_result:121 - [PR] Конец парсинга
2022-04-14 15:49:27.959 | INFO     | penalty_parser:parse_data:211 - [PD] Конец парсинга. Возврат значения result=[[{'name': 'Дата и время нарушения:', 'value': '26.08.2018 в 23:30'}, {'name': 'Статья КоАП РФ:', 'value': '12.26 ч.1 - невыполнение водителем законного требования сотрудника полиции о прохождении медицинского освидетельствования на состояние опьянения'}, {'name': 'Подразделение ГИБДД:', 'value': 'ОГИБДД и ДПС ОМВД России по г. Анапе'}, {'name': 'Постановление:', 'value': '18810423180170013454 от 18.09.2018'}, {'name': 'Сумма штрафа:', 'value': '30000 руб.'}], [{'name': 'Дата и время нарушения:', 'value': '20.03.2022 в 17:46'}, {'name': 'Статья КоАП РФ:', 'value': '12.9 ч.2 - превышение установленной скорости движения транспортного средства на величину более 20, но не более 40 км/ч'}, {'name': 'Подразделение ГИБДД:', 'value': 'ЦАФАПОДД ГИБДД (дислокация г. Краснодар) ГУ МВД России по Краснодарскому краю'}, {'name': 'Постановление:', 'value': '18810523220404075459 от 04.04.2022'}, {'name': 'Сумма штрафа:', 'value': '500 руб.\nдо 25.04.2022 скидка 250 руб.'}]]
2022-04-14 15:49:28.016 | INFO     | __main__:fines_parse:57 -  [Server] response(([[{'name': 'Дата и время нарушения:', 'value': '26.08.2018 в 23:30'}, {'name': 'Статья КоАП РФ:', 'value': '12.26 ч.1 - невыполнение водителем законного требования сотрудника полиции о прохождении медицинского освидетельствования на состояние опьянения'}, {'name': 'Подразделение ГИБДД:', 'value': 'ОГИБДД и ДПС ОМВД России по г. Анапе'}, {'name': 'Постановление:', 'value': '18810423180170013454 от 18.09.2018'}, {'name': 'Сумма штрафа:', 'value': '30000 руб.'}], [{'name': 'Дата и время нарушения:', 'value': '20.03.2022 в 17:46'}, {'name': 'Статья КоАП РФ:', 'value': '12.9 ч.2 - превышение установленной скорости движения транспортного средства на величину более 20, но не более 40 км/ч'}, {'name': 'Подразделение ГИБДД:', 'value': 'ЦАФАПОДД ГИБДД (дислокация г. Краснодар) ГУ МВД России по Краснодарскому краю'}, {'name': 'Постановление:', 'value': '18810523220404075459 от 04.04.2022'}, {'name': 'Сумма штрафа:', 'value': '500 руб.\nдо 25.04.2022 скидка 250 руб.'}]], True)) WORKER_UUID=UUID('16d6fe10-c41f-48c1-b6a4-ee8cea4fd78a')
2022-04-14 15:49:28.432 | INFO     | __main__:fines_parse:59 -  [Server] cleaned page! WORKER_UUID=UUID('16d6fe10-c41f-48c1-b6a4-ee8cea4fd78a')
2022-04-14 15:49:28.432 | INFO     | api_lib.sync_api:on_request2:117 - [Message] Конец обработки сообщения out='{"response_id": "9963536531d892540332d413a5e30c76", "service_callback": "KAAPROGR", "method": null, "message": {"result": true, "response": [[{"name": "\\u0414\\u0430\\u0442\\u0430 \\u0438 \\u0432\\u0440\\u0435\\u043c\\u044f \\u043d\\u0430\\u0440\\u0443\\u0448\\u0435\\u043d\\u0438\\u044f:", "value": "26.08.2018 \\u0432 23:30"}, {"name": "\\u0421\\u0442\\u0430\\u0442\\u044c\\u044f \\u041a\\u043e\\u0410\\u041f \\u0420\\u0424:", "value": "12.26 \\u0447.1 - \\u043d\\u0435\\u0432\\u044b\\u043f\\u043e\\u043b\\u043d\\u0435\\u043d\\u0438\\u0435 \\u0432\\u043e\\u0434\\u0438\\u0442\\u0435\\u043b\\u0435\\u043c \\u0437\\u0430\\u043a\\u043e\\u043d\\u043d\\u043e\\u0433\\u043e \\u0442\\u0440\\u0435\\u0431\\u043e\\u0432\\u0430\\u043d\\u0438\\u044f \\u0441\\u043e\\u0442\\u0440\\u0443\\u0434\\u043d\\u0438\\u043a\\u0430 \\u043f\\u043e\\u043b\\u0438\\u0446\\u0438\\u0438 \\u043e \\u043f\\u0440\\u043e\\u0445\\u043e\\u0436\\u0434\\u0435\\u043d\\u0438\\u0438 \\u043c\\u0435\\u0434\\u0438\\u0446\\u0438\\u043d\\u0441\\u043a\\u043e\\u0433\\u043e \\u043e\\u0441\\u0432\\u0438\\u0434\\u0435\\u0442\\u0435\\u043b\\u044c\\u0441\\u0442\\u0432\\u043e\\u0432\\u0430\\u043d\\u0438\\u044f \\u043d\\u0430 \\u0441\\u043e\\u0441\\u0442\\u043e\\u044f\\u043d\\u0438\\u0435 \\u043e\\u043f\\u044c\\u044f\\u043d\\u0435\\u043d\\u0438\\u044f"}, {"name": "\\u041f\\u043e\\u0434\\u0440\\u0430\\u0437\\u0434\\u0435\\u043b\\u0435\\u043d\\u0438\\u0435 \\u0413\\u0418\\u0411\\u0414\\u0414:", "value": "\\u041e\\u0413\\u0418\\u0411\\u0414\\u0414 \\u0438 \\u0414\\u041f\\u0421 \\u041e\\u041c\\u0412\\u0414 \\u0420\\u043e\\u0441\\u0441\\u0438\\u0438 \\u043f\\u043e \\u0433. \\u0410\\u043d\\u0430\\u043f\\u0435"}, {"name": "\\u041f\\u043e\\u0441\\u0442\\u0430\\u043d\\u043e\\u0432\\u043b\\u0435\\u043d\\u0438\\u0435:", "value": "18810423180170013454 \\u043e\\u0442 18.09.2018"}, {"name": "\\u0421\\u0443\\u043c\\u043c\\u0430 \\u0448\\u0442\\u0440\\u0430\\u0444\\u0430:", "value": "30000 \\u0440\\u0443\\u0431."}], [{"name": "\\u0414\\u0430\\u0442\\u0430 \\u0438 \\u0432\\u0440\\u0435\\u043c\\u044f \\u043d\\u0430\\u0440\\u0443\\u0448\\u0435\\u043d\\u0438\\u044f:", "value": "20.03.2022 \\u0432 17:46"}, {"name": "\\u0421\\u0442\\u0430\\u0442\\u044c\\u044f \\u041a\\u043e\\u0410\\u041f \\u0420\\u0424:", "value": "12.9 \\u0447.2 - \\u043f\\u0440\\u0435\\u0432\\u044b\\u0448\\u0435\\u043d\\u0438\\u0435 \\u0443\\u0441\\u0442\\u0430\\u043d\\u043e\\u0432\\u043b\\u0435\\u043d\\u043d\\u043e\\u0439 \\u0441\\u043a\\u043e\\u0440\\u043e\\u0441\\u0442\\u0438 \\u0434\\u0432\\u0438\\u0436\\u0435\\u043d\\u0438\\u044f \\u0442\\u0440\\u0430\\u043d\\u0441\\u043f\\u043e\\u0440\\u0442\\u043d\\u043e\\u0433\\u043e \\u0441\\u0440\\u0435\\u0434\\u0441\\u0442\\u0432\\u0430 \\u043d\\u0430 \\u0432\\u0435\\u043b\\u0438\\u0447\\u0438\\u043d\\u0443 \\u0431\\u043e\\u043b\\u0435\\u0435 20, \\u043d\\u043e \\u043d\\u0435 \\u0431\\u043e\\u043b\\u0435\\u0435 40 \\u043a\\u043c/\\u0447"}, {"name": "\\u041f\\u043e\\u0434\\u0440\\u0430\\u0437\\u0434\\u0435\\u043b\\u0435\\u043d\\u0438\\u0435 \\u0413\\u0418\\u0411\\u0414\\u0414:", "value": "\\u0426\\u0410\\u0424\\u0410\\u041f\\u041e\\u0414\\u0414 \\u0413\\u0418\\u0411\\u0414\\u0414 (\\u0434\\u0438\\u0441\\u043b\\u043e\\u043a\\u0430\\u0446\\u0438\\u044f \\u0433. \\u041a\\u0440\\u0430\\u0441\\u043d\\u043e\\u0434\\u0430\\u0440) \\u0413\\u0423 \\u041c\\u0412\\u0414 \\u0420\\u043e\\u0441\\u0441\\u0438\\u0438 \\u043f\\u043e \\u041a\\u0440\\u0430\\u0441\\u043d\\u043e\\u0434\\u0430\\u0440\\u0441\\u043a\\u043e\\u043c\\u0443 \\u043a\\u0440\\u0430\\u044e"}, {"name": "\\u041f\\u043e\\u0441\\u0442\\u0430\\u043d\\u043e\\u0432\\u043b\\u0435\\u043d\\u0438\\u0435:", "value": "18810523220404075459 \\u043e\\u0442 04.04.2022"}, {"name": "\\u0421\\u0443\\u043c\\u043c\\u0430 \\u0448\\u0442\\u0440\\u0430\\u0444\\u0430:", "value": "500 \\u0440\\u0443\\u0431.\\n\\u0434\\u043e 25.04.2022 \\u0441\\u043a\\u0438\\u0434\\u043a\\u0430 250 \\u0440\\u0443\\u0431."}]]}, "id": "a8f5e3977548e4b4c220529b604a09aa"}'
2022-04-14 15:49:28.433 | INFO     | api_lib.sync_api:on_request2:126 - Сообщение отправлено в очередь kaaprogr
