2022-04-14 15:13:49.998 | INFO     | __main__:<module>:55 - [INIT] Начало инициализации парсера WORKER_UUID=UUID('950cd884-e1d7-4db2-8c79-be60357d2f31')
2022-04-14 15:13:50.009 | INFO     | __main__:<module>:55 - [INIT] Начало инициализации парсера WORKER_UUID=UUID('947a3129-d77c-46e2-939b-c467e92caa65')
2022-04-14 15:14:06.518 | INFO     | parsers:save_or_load_cookies:105 - [SOLC] Загружаем куки с /home/kolchanovaa/Рабочий стол/parsers/parsers_gibdd_rabbitMQ/utils/cookies_info_parser.pkl
2022-04-14 15:14:06.649 | INFO     | parsers:__init__:82 - [INIT] Screen path='/home/kolchanovaa/Рабочий стол/parsers/parsers_gibdd_rabbitMQ/utils/947a3129-d77c-46e2-939b-c467e92caa65'
2022-04-14 15:14:06.649 | INFO     | __main__:<module>:58 - [INIT] Конец инициализации парсера WORKER_UUID=UUID('947a3129-d77c-46e2-939b-c467e92caa65')
2022-04-14 15:14:35.348 | INFO     | parsers:save_or_load_cookies:105 - [SOLC] Загружаем куки с /home/kolchanovaa/Рабочий стол/parsers/parsers_gibdd_rabbitMQ/utils/cookies_info_parser.pkl
2022-04-14 15:14:35.463 | INFO     | parsers:__init__:82 - [INIT] Screen path='/home/kolchanovaa/Рабочий стол/parsers/parsers_gibdd_rabbitMQ/utils/950cd884-e1d7-4db2-8c79-be60357d2f31'
2022-04-14 15:14:35.463 | INFO     | __main__:<module>:58 - [INIT] Конец инициализации парсера WORKER_UUID=UUID('950cd884-e1d7-4db2-8c79-be60357d2f31')
2022-04-14 15:25:16.091 | INFO     | api_lib.sync_api:on_request2:99 - [SER] Серилизован data={'vin': 'Z8T4D5FS9EM013865', 'method_info': 'registration_history', 'id': 'a763a037e22393944d432ac99e8e93ff', 'service_callback': 'KAAPROGR', 'method': 'check_info', 'method_callback': 'APIМетоды.ОбработатьРезультатПарсингаПроверок'}
2022-04-14 15:25:16.092 | INFO     | api_lib.sync_api:on_request2:111 - [Message] Начало обработки сообщения
2022-04-14 15:25:16.092 | INFO     | parsers:_send_field_orig:118 - Отправка кода в input_field 
2022-04-14 15:25:16.172 | INFO     | parsers:_send_field_orig:126 - Ввод VIN кода: Z8T4D5FS9EM013865
2022-04-14 15:25:16.173 | INFO     | parsers:_get_registration_history:331 - [REGISTRATION]Старт получения данных истории регистрации
2022-04-14 15:25:16.176 | INFO     | parsers:_get_registration_history:337 - [REGISTRATION-BUTTON]Кнопка нажата
/home/kolchanovaa/Рабочий стол/parsers/parsers_gibdd_rabbitMQ/venv/lib/python3.8/site-packages/selenium/webdriver/remote/webelement.py:446: UserWarning: find_element_by_class_name is deprecated. Please use find_element(by=By.CLASS_NAME, value=name) instead
  warnings.warn("find_element_by_class_name is deprecated. Please use find_element(by=By.CLASS_NAME, value=name) instead")
2022-04-14 15:25:17.212 | INFO     | parsers:_get_registration_history:337 - [REGISTRATION-BUTTON]Кнопка нажата
2022-04-14 15:25:18.644 | INFO     | parsers:_get_registration_history:337 - [REGISTRATION-BUTTON]Кнопка нажата
2022-04-14 15:25:20.079 | INFO     | parsers:_get_registration_history:337 - [REGISTRATION-BUTTON]Кнопка нажата
2022-04-14 15:25:21.513 | INFO     | parsers:_get_registration_history:337 - [REGISTRATION-BUTTON]Кнопка нажата
2022-04-14 15:25:22.916 | INFO     | parsers:_get_registration_history:337 - [REGISTRATION-BUTTON]Кнопка нажата
2022-04-14 15:25:23.935 | INFO     | parsers:_get_registration_history:337 - [REGISTRATION-BUTTON]Кнопка нажата
2022-04-14 15:25:25.384 | INFO     | parsers:_get_registration_history:337 - [REGISTRATION-BUTTON]Кнопка нажата
2022-04-14 15:25:26.807 | INFO     | parsers:_get_registration_history:337 - [REGISTRATION-BUTTON]Кнопка нажата
2022-04-14 15:25:28.232 | INFO     | parsers:_get_registration_history:337 - [REGISTRATION-BUTTON]Кнопка нажата
2022-04-14 15:25:29.715 | INFO     | parsers:_get_registration_history:337 - [REGISTRATION-BUTTON]Кнопка нажата
2022-04-14 15:25:31.145 | INFO     | parsers:_get_registration_history:337 - [REGISTRATION-BUTTON]Кнопка нажата
2022-04-14 15:25:32.606 | INFO     | parsers:_get_registration_history:337 - [REGISTRATION-BUTTON]Кнопка нажата
2022-04-14 15:25:34.049 | INFO     | parsers:_get_registration_history:337 - [REGISTRATION-BUTTON]Кнопка нажата
2022-04-14 15:25:35.471 | INFO     | parsers:_get_registration_history:337 - [REGISTRATION-BUTTON]Кнопка нажата
2022-04-14 15:25:36.894 | INFO     | parsers:_get_registration_history:337 - [REGISTRATION-BUTTON]Кнопка нажата
2022-04-14 15:25:38.306 | INFO     | parsers:_get_registration_history:337 - [REGISTRATION-BUTTON]Кнопка нажата
2022-04-14 15:25:39.756 | INFO     | parsers:_get_registration_history:337 - [REGISTRATION-BUTTON]Кнопка нажата
2022-04-14 15:25:41.144 | INFO     | parsers:_get_registration_history:337 - [REGISTRATION-BUTTON]Кнопка нажата
2022-04-14 15:25:41.993 | INFO     | parsers:_get_registration_history:361 - [REGISTRATION-DATA] Данные прогрузились
2022-04-14 15:25:43.096 | INFO     | parsers:_change_data_output_format:255 - [REGISTRATION-DATA]: ['Периоды', 'владения', 'транспортным', 'средством']
2022-04-14 15:25:43.096 | INFO     | parsers:_change_data_output_format:255 - [REGISTRATION-DATA]: ['c', '08.07.2014', 'по', '04.08.2016:', 'Юридическое', 'лицо']
2022-04-14 15:25:43.097 | INFO     | parsers:_change_data_output_format:255 - [REGISTRATION-DATA]: ['c', '04.08.2016', 'по', '15.01.2022:', 'Физическое', 'лицо']
2022-04-14 15:25:43.097 | INFO     | parsers:_change_data_output_format:255 - [REGISTRATION-DATA]: ['c', '15.01.2022', 'по', 'настоящее', 'время:', 'Физическое', 'лицо']
2022-04-14 15:25:43.097 | INFO     | parsers:_change_data_output_format:255 - [REGISTRATION-DATA]: ['Последняя', 'операция', '-', 'изменение', 'собственника', '(владельца)']
2022-04-14 15:25:43.097 | INFO     | parsers:_change_data_output_format:269 - [DATA]: {'vehicle_brand_or_model': 'ПЕЖО 408', 'model_product_year': '2014', 'vin_code': 'Z8T4D5FS9EM013865', 'chasis_number': '-', 'body_number': 'Z8T4D5FS9EM013865', 'color': 'Белый', 'engine_number': '2030062', 'working_volume': '1598.0', 'power': '88.24/120.0', 'vehicle_type': 'Легковые автомобили седан'}
2022-04-14 15:25:43.097 | INFO     | __main__:check_info:47 -  [Server] response(({'registration_history': {'vehicle_brand_or_model': 'ПЕЖО 408', 'model_product_year': '2014', 'vin_code': 'Z8T4D5FS9EM013865', 'chasis_number': '-', 'body_number': 'Z8T4D5FS9EM013865', 'color': 'Белый', 'engine_number': '2030062', 'working_volume': '1598.0', 'power': '88.24/120.0', 'vehicle_type': 'Легковые автомобили седан', 'periods_of_vehicle_ownership': ['c 08.07.2014 по 04.08.2016: Юридическое лицо', 'c 04.08.2016 по 15.01.2022: Физическое лицо', 'c 15.01.2022 по настоящее время: Физическое лицо'], 'last_operation': 'Последняя операция - изменение собственника (владельца)'}}, True)) WORKER_UUID=UUID('947a3129-d77c-46e2-939b-c467e92caa65')
2022-04-14 15:25:43.459 | INFO     | __main__:check_info:49 -  [Server] cleaned page! WORKER_UUID=UUID('947a3129-d77c-46e2-939b-c467e92caa65')
2022-04-14 15:25:43.459 | INFO     | api_lib.sync_api:on_request2:117 - [Message] Конец обработки сообщения out='{"response_id": "a763a037e22393944d432ac99e8e93ff", "service_callback": "KAAPROGR", "method": null, "message": {"result": true, "response": {"registration_history": {"vehicle_brand_or_model": "\\u041f\\u0415\\u0416\\u041e 408", "model_product_year": "2014", "vin_code": "Z8T4D5FS9EM013865", "chasis_number": "-", "body_number": "Z8T4D5FS9EM013865", "color": "\\u0411\\u0435\\u043b\\u044b\\u0439", "engine_number": "2030062", "working_volume": "1598.0", "power": "88.24/120.0", "vehicle_type": "\\u041b\\u0435\\u0433\\u043a\\u043e\\u0432\\u044b\\u0435 \\u0430\\u0432\\u0442\\u043e\\u043c\\u043e\\u0431\\u0438\\u043b\\u0438 \\u0441\\u0435\\u0434\\u0430\\u043d", "periods_of_vehicle_ownership": ["c 08.07.2014 \\u043f\\u043e 04.08.2016: \\u042e\\u0440\\u0438\\u0434\\u0438\\u0447\\u0435\\u0441\\u043a\\u043e\\u0435 \\u043b\\u0438\\u0446\\u043e", "c 04.08.2016 \\u043f\\u043e 15.01.2022: \\u0424\\u0438\\u0437\\u0438\\u0447\\u0435\\u0441\\u043a\\u043e\\u0435 \\u043b\\u0438\\u0446\\u043e", "c 15.01.2022 \\u043f\\u043e \\u043d\\u0430\\u0441\\u0442\\u043e\\u044f\\u0449\\u0435\\u0435 \\u0432\\u0440\\u0435\\u043c\\u044f: \\u0424\\u0438\\u0437\\u0438\\u0447\\u0435\\u0441\\u043a\\u043e\\u0435 \\u043b\\u0438\\u0446\\u043e"], "last_operation": "\\u041f\\u043e\\u0441\\u043b\\u0435\\u0434\\u043d\\u044f\\u044f \\u043e\\u043f\\u0435\\u0440\\u0430\\u0446\\u0438\\u044f - \\u0438\\u0437\\u043c\\u0435\\u043d\\u0435\\u043d\\u0438\\u0435 \\u0441\\u043e\\u0431\\u0441\\u0442\\u0432\\u0435\\u043d\\u043d\\u0438\\u043a\\u0430 (\\u0432\\u043b\\u0430\\u0434\\u0435\\u043b\\u044c\\u0446\\u0430)"}}}, "id": "03acedb3e8b2f91fce0d4043e9b0ff0e"}'
2022-04-14 15:25:43.459 | INFO     | api_lib.sync_api:on_request2:126 - Сообщение отправлено в очередь kaaprogr
2022-04-14 15:37:07.290 | INFO     | api_lib.sync_api:on_request2:99 - [SER] Серилизован data={'vin': 'XW7BK4FK00S008230', 'method_info': 'road_accident_history', 'id': '9e453d230a622a21c6eb50daeb6856ca', 'service_callback': 'KAAPROGR', 'method': 'check_info', 'method_callback': 'APIМетоды.ОбработатьРезультатПарсингаПроверок'}
2022-04-14 15:37:07.291 | INFO     | api_lib.sync_api:on_request2:111 - [Message] Начало обработки сообщения
2022-04-14 15:37:07.291 | INFO     | parsers:_send_field_orig:118 - Отправка кода в input_field 
2022-04-14 15:37:07.367 | INFO     | parsers:_send_field_orig:126 - Ввод VIN кода: XW7BK4FK00S008230
2022-04-14 15:37:07.367 | INFO     | parsers:_get_road_accident_history:447 - [ACCIDENT]Старт получения данных о ДТП
/home/kolchanovaa/Рабочий стол/parsers/parsers_gibdd_rabbitMQ/venv/lib/python3.8/site-packages/selenium/webdriver/remote/webelement.py:446: UserWarning: find_element_by_class_name is deprecated. Please use find_element(by=By.CLASS_NAME, value=name) instead
  warnings.warn("find_element_by_class_name is deprecated. Please use find_element(by=By.CLASS_NAME, value=name) instead")
2022-04-14 15:37:07.862 | INFO     | parsers:_get_road_accident_history:465 - [ACCIDENT-BUTTON]Кнопка нажата
2022-04-14 15:37:08.234 | INFO     | parsers:_get_road_accident_history:474 - [ACCIDENT-DATA] Поднятие ошибки NoSuchElementException
/home/kolchanovaa/Рабочий стол/parsers/parsers_gibdd_rabbitMQ/venv/lib/python3.8/site-packages/selenium/webdriver/remote/webelement.py:359: UserWarning: find_elements_by_tag_name is deprecated. Please use find_elements(by=By.TAG_NAME, value=name) instead
  warnings.warn("find_elements_by_tag_name is deprecated. Please use find_elements(by=By.TAG_NAME, value=name) instead")
2022-04-14 15:37:08.743 | INFO     | parsers:_get_road_accident_history:494 - [ACCIDENT-DATA] Элемент не найден, итерация: 1
2022-04-14 15:37:09.092 | INFO     | parsers:_get_road_accident_history:474 - [ACCIDENT-DATA] Поднятие ошибки NoSuchElementException
2022-04-14 15:37:09.601 | INFO     | parsers:_get_road_accident_history:494 - [ACCIDENT-DATA] Элемент не найден, итерация: 2
2022-04-14 15:37:09.947 | INFO     | parsers:_get_road_accident_history:474 - [ACCIDENT-DATA] Поднятие ошибки NoSuchElementException
2022-04-14 15:37:10.456 | INFO     | parsers:_get_road_accident_history:494 - [ACCIDENT-DATA] Элемент не найден, итерация: 3
2022-04-14 15:37:10.799 | INFO     | parsers:_get_road_accident_history:474 - [ACCIDENT-DATA] Поднятие ошибки NoSuchElementException
2022-04-14 15:37:11.308 | INFO     | parsers:_get_road_accident_history:494 - [ACCIDENT-DATA] Элемент не найден, итерация: 4
2022-04-14 15:37:11.667 | INFO     | parsers:_get_road_accident_history:474 - [ACCIDENT-DATA] Поднятие ошибки NoSuchElementException
2022-04-14 15:37:12.177 | INFO     | parsers:_get_road_accident_history:494 - [ACCIDENT-DATA] Элемент не найден, итерация: 5
2022-04-14 15:37:12.511 | INFO     | parsers:_get_road_accident_history:474 - [ACCIDENT-DATA] Поднятие ошибки NoSuchElementException
2022-04-14 15:37:13.019 | INFO     | parsers:_get_road_accident_history:494 - [ACCIDENT-DATA] Элемент не найден, итерация: 6
2022-04-14 15:37:13.355 | INFO     | parsers:_get_road_accident_history:474 - [ACCIDENT-DATA] Поднятие ошибки NoSuchElementException
2022-04-14 15:37:13.864 | INFO     | parsers:_get_road_accident_history:494 - [ACCIDENT-DATA] Элемент не найден, итерация: 7
2022-04-14 15:37:26.952 | INFO     | parsers:_get_road_accident_history:474 - [ACCIDENT-DATA] Поднятие ошибки NoSuchElementException
2022-04-14 15:37:27.471 | INFO     | parsers:_get_road_accident_history:494 - [ACCIDENT-DATA] Элемент не найден, итерация: 8
/home/kolchanovaa/Рабочий стол/parsers/parsers_gibdd_rabbitMQ/venv/lib/python3.8/site-packages/selenium/webdriver/remote/webelement.py:426: UserWarning: find_elements_by_xpath is deprecated. Please use find_elements(by=By.XPATH, value=xpath) instead
  warnings.warn("find_elements_by_xpath is deprecated. Please use find_elements(by=By.XPATH, value=xpath) instead")
2022-04-14 15:37:30.824 | INFO     | parsers:_save_road_accident_image_1c:179 - [ACCIDENT-I] Получение изображений ДТП
2022-04-14 15:37:30.824 | INFO     | parsers:_save_road_accident_image_1c:182 - [ACCIDENT-I] Отправка изображения в сервис http://192.168.0.7/filesprogr/index.php?operation=write&extension=png&author=parserGIBDD&typedoc=2&filename=2022-04-1415:37:30.824813.jpg
/home/kolchanovaa/Рабочий стол/parsers/parsers_gibdd_rabbitMQ/venv/lib/python3.8/site-packages/selenium/webdriver/remote/webelement.py:341: UserWarning: find_element_by_tag_name is deprecated. Please use find_element(by=By.TAG_NAME, value=name) instead
  warnings.warn("find_element_by_tag_name is deprecated. Please use find_element(by=By.TAG_NAME, value=name) instead")
2022-04-14 15:37:30.936 | INFO     | parsers:_save_road_accident_image_1c:192 - [ACCIDENT-I] UUID изображения на сервисе 771a53cf-7d66-41ed-9376-dd3406ea5650
2022-04-14 15:37:31.078 | INFO     | parsers:_save_road_accident_image_1c:179 - [ACCIDENT-I] Получение изображений ДТП
2022-04-14 15:37:31.078 | INFO     | parsers:_save_road_accident_image_1c:182 - [ACCIDENT-I] Отправка изображения в сервис http://192.168.0.7/filesprogr/index.php?operation=write&extension=png&author=parserGIBDD&typedoc=2&filename=2022-04-1415:37:31.078765.jpg
2022-04-14 15:37:31.171 | INFO     | parsers:_save_road_accident_image_1c:192 - [ACCIDENT-I] UUID изображения на сервисе 90f4d6a9-f352-4eb9-b951-c84d3e21d536
2022-04-14 15:37:31.242 | INFO     | __main__:check_info:47 -  [Server] response(({'road_accident_history': {'dtp_list': [{'accident_id': '570017510', 'date': '21.09.2019 06:19', 'incedent_type': 'Наезд на стоящее ТС', 'region': 'Пермский край', 'incedent_place': 'Пермский край, Нытвенский район, п.ст Чайковская', 'venhicle_model': 'TOYOTA(Camry)', 'model_product_year': '2013', 'opf': 'ФИЗИЧЕСКИЕ ЛИЦА', 'tc_number': '1/2', 'damage_desc': [], 'images': '771a53cf-7d66-41ed-9376-dd3406ea5650'}, {'accident_id': '570013880', 'date': '27.07.2019 19:20', 'incedent_type': 'Наезд на стоящее ТС', 'region': 'Пермский край', 'incedent_place': 'Пермский край, Нытвенский район, п.ст Чайковская', 'venhicle_model': 'TOYOTA(Camry)', 'model_product_year': '2013', 'opf': 'ФИЗИЧЕСКИЕ ЛИЦА', 'tc_number': '1/2', 'damage_desc': [], 'images': '90f4d6a9-f352-4eb9-b951-c84d3e21d536'}]}}, True)) WORKER_UUID=UUID('950cd884-e1d7-4db2-8c79-be60357d2f31')
2022-04-14 15:37:31.772 | INFO     | __main__:check_info:49 -  [Server] cleaned page! WORKER_UUID=UUID('950cd884-e1d7-4db2-8c79-be60357d2f31')
2022-04-14 15:37:31.772 | INFO     | api_lib.sync_api:on_request2:117 - [Message] Конец обработки сообщения out='{"response_id": "9e453d230a622a21c6eb50daeb6856ca", "service_callback": "KAAPROGR", "method": null, "message": {"result": true, "response": {"road_accident_history": {"dtp_list": [{"accident_id": "570017510", "date": "21.09.2019 06:19", "incedent_type": "\\u041d\\u0430\\u0435\\u0437\\u0434 \\u043d\\u0430 \\u0441\\u0442\\u043e\\u044f\\u0449\\u0435\\u0435 \\u0422\\u0421", "region": "\\u041f\\u0435\\u0440\\u043c\\u0441\\u043a\\u0438\\u0439 \\u043a\\u0440\\u0430\\u0439", "incedent_place": "\\u041f\\u0435\\u0440\\u043c\\u0441\\u043a\\u0438\\u0439 \\u043a\\u0440\\u0430\\u0439, \\u041d\\u044b\\u0442\\u0432\\u0435\\u043d\\u0441\\u043a\\u0438\\u0439 \\u0440\\u0430\\u0439\\u043e\\u043d, \\u043f.\\u0441\\u0442 \\u0427\\u0430\\u0439\\u043a\\u043e\\u0432\\u0441\\u043a\\u0430\\u044f", "venhicle_model": "TOYOTA(Camry)", "model_product_year": "2013", "opf": "\\u0424\\u0418\\u0417\\u0418\\u0427\\u0415\\u0421\\u041a\\u0418\\u0415 \\u041b\\u0418\\u0426\\u0410", "tc_number": "1/2", "damage_desc": [], "images": "771a53cf-7d66-41ed-9376-dd3406ea5650"}, {"accident_id": "570013880", "date": "27.07.2019 19:20", "incedent_type": "\\u041d\\u0430\\u0435\\u0437\\u0434 \\u043d\\u0430 \\u0441\\u0442\\u043e\\u044f\\u0449\\u0435\\u0435 \\u0422\\u0421", "region": "\\u041f\\u0435\\u0440\\u043c\\u0441\\u043a\\u0438\\u0439 \\u043a\\u0440\\u0430\\u0439", "incedent_place": "\\u041f\\u0435\\u0440\\u043c\\u0441\\u043a\\u0438\\u0439 \\u043a\\u0440\\u0430\\u0439, \\u041d\\u044b\\u0442\\u0432\\u0435\\u043d\\u0441\\u043a\\u0438\\u0439 \\u0440\\u0430\\u0439\\u043e\\u043d, \\u043f.\\u0441\\u0442 \\u0427\\u0430\\u0439\\u043a\\u043e\\u0432\\u0441\\u043a\\u0430\\u044f", "venhicle_model": "TOYOTA(Camry)", "model_product_year": "2013", "opf": "\\u0424\\u0418\\u0417\\u0418\\u0427\\u0415\\u0421\\u041a\\u0418\\u0415 \\u041b\\u0418\\u0426\\u0410", "tc_number": "1/2", "damage_desc": [], "images": "90f4d6a9-f352-4eb9-b951-c84d3e21d536"}]}}}, "id": "ede43d8bb6838c2d7f2689244d65e1ab"}'
2022-04-14 15:37:31.773 | INFO     | api_lib.sync_api:on_request2:126 - Сообщение отправлено в очередь kaaprogr
